INFO [10-12|12:47:31.110] Starting pprof server                    addr=http://0.0.0.0:9545/debug/pprof
INFO [10-12|12:47:31.124] Enabling metrics collection 
INFO [10-12|12:47:31.128] Connecting to private tx manager using HTTP 
INFO [10-12|12:47:31.332] Smartcard socket not found, disabling    err="stat /run/pcscd/pcscd.comm: no such file or directory"
WARN [10-12|12:47:31.333] Found deprecated node list file /data/static-nodes.json, please use the TOML config file instead. 
INFO [10-12|12:47:31.334] Enabling recording of key preimages since archive mode is used 
INFO [10-12|12:47:31.334] Set global gas cap                       cap=25000000
INFO [10-12|12:47:31.335] Connecting to private tx manager using HTTP 
INFO [10-12|12:47:31.378] Tessera API version: 5.0 
INFO [10-12|12:47:31.378] Target Private Tx Manager                name=Tessera distributionVersion=22.1.7
WARN [10-12|12:47:31.378] Sanitizing invalid miner gas price       provided=0 updated=0
INFO [10-12|12:47:31.379] Allocated trie memory caches             clean=154.00MiB dirty=256.00MiB
INFO [10-12|12:47:31.379] Allocated cache and file handles         database=/data/geth/chaindata cache=768.00MiB handles=524288
INFO [10-12|12:47:31.497] Opened ancient database                  database=/data/geth/chaindata/ancient readonly=false
INFO [10-12|12:47:31.499] Initialised chain configuration          config="{ChainID: 1337 Homestead: 0 DAO: <nil> DAOSupport: false EIP150: 0 EIP155: 0 EIP158: 0 Byzantium: 0 IsQuorum: true Constantinople: 0 TransactionSizeLimit: 0 MaxCodeSize: 0 Petersburg: 0 Istanbul: 0, Muir Glacier: <nil>, Berlin: <nil> YOLO v3: <nil> PrivacyEnhancements: <nil> PrivacyPrecompile: <nil> EnableGasPriceBlock: <nil> Engine: unknown}"
INFO [10-12|12:47:31.504] Initialising Quorum consensus protocol   name=istanbul versions="[100 99 64]" network=1337 dbversion=<nil>
WARN [10-12|12:47:31.507] Upgrade blockchain database version      from=<nil> to=8
INFO [10-12|12:47:31.509] Using SegregatedCacheProvider. 
INFO [10-12|12:47:31.523] Loaded most recent local header          number=0 hash="736d99…5e9f20" td=1 age=2y3mo3d
INFO [10-12|12:47:31.523] Loaded most recent local full block      number=0 hash="736d99…5e9f20" td=1 age=2y3mo3d
INFO [10-12|12:47:31.523] Loaded most recent local fast block      number=0 hash="736d99…5e9f20" td=1 age=2y3mo3d
WARN [10-12|12:47:31.524] Failed to load snapshot, regenerating    err="missing or corrupted snapshot"
INFO [10-12|12:47:31.527] Rebuilding state snapshot 
INFO [10-12|12:47:31.529] Deleted state snapshot leftovers         kind=accounts wiped=0 elapsed="57.004µs"
INFO [10-12|12:47:31.529] Deleted state snapshot leftovers         kind=storage  wiped=0 elapsed="77.672µs"
INFO [10-12|12:47:31.529] Compacting snapshot account area  
WARN [10-12|12:47:33.840] Error reading unclean shutdown markers   error="leveldb: not found"
WARN [10-12|12:47:33.840] permission-config.json file is missing. Smart-contract-based permission service will be disabled error="stat /data/permission-config.json: no such file or directory"
INFO [10-12|12:47:33.842] extension service registered 
INFO [10-12|12:47:33.844] No plugins to initialise 
INFO [10-12|12:47:33.844] Starting peer-to-peer node               instance=Geth/9b2524d8c060-qbft/v1.10.2-stable-e5b930e8(quorum-v22.7.0)/linux-amd64/go1.16.15
INFO [10-12|12:47:33.941] Compacted snapshot area in database      elapsed=2.411s
INFO [10-12|12:47:33.941] Resuming state snapshot generation       root="d7d9af…f2e575" accounts=0 slots=0 storage=0.00B elapsed="12.544µs"
INFO [10-12|12:47:33.943] Generated state snapshot                 accounts=11 slots=0 storage=544.00B elapsed=1.853ms
WARN [10-12|12:47:34.050] full p2p peer                            id=27059b2392ab7830b38b2f4d27a97c9aaf04f18f3014c32e036dd0ac76da5f18 ethPeer="Peer 27059b2392ab7830 172.16.239.12:30303"
WARN [10-12|12:47:34.059] full p2p peer                            id=77e699b8a5282fa3837e39b3e090a28b8a9d0a69ec259cb745036d5d1030e3ea ethPeer="Peer 77e699b8a5282fa3 172.16.239.17:30303"
WARN [10-12|12:49:12.501] full p2p peer                            id=2a2fe7f9e880372cfd2bda0cce412f988377e31f4d0ff12d74df73b51c42d0ca ethPeer="Peer 2a2fe7f9e880372c 172.16.239.13:30303"
WARN [10-12|12:49:12.577] full p2p peer                            id=c8f776c1d83d4fddd02782c698c1334496614aed49d2e81526d089f7264fed9c ethPeer="Peer c8f776c1d83d4fdd 172.16.239.14:30303"
INFO [10-12|12:49:16.413] Unlocked account                         address=0xf0E2Db6C8dC6c681bB5D6aD121A107f300e9B2b5
WARN [10-12|12:49:16.414] permission-config.json file is missing. Smart-contract-based permission service will be disabled error="stat /data/permission-config.json: no such file or directory"
INFO [10-12|12:49:16.414] Transaction pool price threshold not updated as gasPrice is not enabled 
INFO [10-12|12:49:16.414] Transaction pool price threshold not updated as gasPrice is not enabled 
INFO [10-12|12:49:16.414] BFT: activate QBFT 
INFO [10-12|12:49:16.414] QBFT: start                              address=0x13A52aaB892e1322e8b52506276363d4754c122e
INFO [10-12|12:49:16.414] QBFT: initialize new round               address=0x13A52aaB892e1322e8b52506276363d4754c122e old.round=-1 old.seq=0 target.round=0 lastProposal.number=8 lastProposal.hash="2ce94f…23a78e"
INFO [10-12|12:49:16.414] QBFT: start new round                    address=0x13A52aaB892e1322e8b52506276363d4754c122e old.round=-1 old.seq=0 next.round=0 next.seq=9 next.proposer=0x27A97C9AaF04f18f3014c32e036dD0Ac76Da5f18 next.valSet="[0x27A97C9AaF04f18f3014c32e036dD0Ac76Da5f18 0x93917cADBace5dFCE132B991732c6Cda9bcC5B8a 0x98C1334496614aED49d2E81526D089f7264fED9C 0xcE412f988377e31F4d0fF12d74df73B51C42d0cA]" next.size=4 next.IsProposer=false
INFO [10-12|12:49:16.415] Commit new mining work                   number=9 sealhash="34fbc5…79b086" uncles=0 txs=0 gas=0 fees=0 elapsed="276.353µs"
WARN [10-12|12:49:16.415] Block sealing failed                     err=unauthorized
INFO [10-12|12:49:19.553] Imported new chain segment               blocks=1 txs=0 mgas=0.000 elapsed=2.010ms     mgasps=0.000 number=9 hash="96b492…8c56b2" age=1m40s   dirty=0.00B
INFO [10-12|12:49:19.554] Commit new mining work                   number=10 sealhash="38fe94…69f0a7" uncles=0 txs=0 gas=0 fees=0 elapsed="279.238µs"
WARN [10-12|12:49:19.554] Block sealing failed                     err=unauthorized
INFO [10-12|12:49:19.554] QBFT: handle final committed             address=0x13A52aaB892e1322e8b52506276363d4754c122e current.round=0 current.sequence=9 state="Accept request"
INFO [10-12|12:49:19.554] QBFT: initialize new round               address=0x13A52aaB892e1322e8b52506276363d4754c122e current.round=0 current.sequence=9 target.round=0 lastProposal.number=9 lastProposal.hash="96b492…8c56b2"
INFO [10-12|12:49:19.554] QBFT: start new round                    address=0x13A52aaB892e1322e8b52506276363d4754c122e old.round=0  old.sequence=9 old.state="Accept request" old.proposer=0x27A97C9AaF04f18f3014c32e036dD0Ac76Da5f18 next.round=0 next.seq=10 next.proposer=0x98C1334496614aED49d2E81526D089f7264fED9C next.valSet="[0x27A97C9AaF04f18f3014c32e036dD0Ac76Da5f18 0x93917cADBace5dFCE132B991732c6Cda9bcC5B8a 0x98C1334496614aED49d2E81526D089f7264fED9C 0xcE412f988377e31F4d0fF12d74df73B51C42d0cA]" next.size=4 next.IsProposer=false
INFO [10-12|12:49:23.641] Imported new chain segment               blocks=1 txs=0 mgas=0.000 elapsed="931.758µs" mgasps=0.000 number=10 hash="717064…d10aea" dirty=0.00B
INFO [10-12|12:49:23.642] Commit new mining work                   number=11 sealhash="ca928f…7b5c58" uncles=0 txs=0 gas=0 fees=0 elapsed="276.562µs"
WARN [10-12|12:49:23.642] Block sealing failed                     err=unauthorized
INFO [10-12|12:49:23.642] QBFT: handle final committed             address=0x13A52aaB892e1322e8b52506276363d4754c122e current.round=0 current.sequence=10 state="Accept request"
INFO [10-12|12:49:23.642] QBFT: initialize new round               address=0x13A52aaB892e1322e8b52506276363d4754c122e current.round=0 current.sequence=10 target.round=0 lastProposal.number=10 lastProposal.hash="717064…d10aea"
INFO [10-12|12:49:23.642] QBFT: start new round                    address=0x13A52aaB892e1322e8b52506276363d4754c122e old.round=0  old.sequence=10 old.state="Accept request" old.proposer=0x98C1334496614aED49d2E81526D089f7264fED9C next.round=0 next.seq=11 next.proposer=0xcE412f988377e31F4d0fF12d74df73B51C42d0cA next.valSet="[0x27A97C9AaF04f18f3014c32e036dD0Ac76Da5f18 0x93917cADBace5dFCE132B991732c6Cda9bcC5B8a 0x98C1334496614aED49d2E81526D089f7264fED9C 0xcE412f988377e31F4d0fF12d74df73B51C42d0cA]" next.size=4 next.IsProposer=false
INFO [10-12|12:49:27.655] Imported new chain segment               blocks=1 txs=0 mgas=0.000 elapsed="993.626µs" mgasps=0.000 number=11 hash="78a560…82e890" dirty=0.00B
INFO [10-12|12:49:27.656] Commit new mining work                   number=12 sealhash="e6a489…02b3dd" uncles=0 txs=0 gas=0 fees=0 elapsed="329.057µs"
WARN [10-12|12:49:27.656] Block sealing failed                     err=unauthorized
INFO [10-12|12:49:27.656] QBFT: handle final committed             address=0x13A52aaB892e1322e8b52506276363d4754c122e current.round=0 current.sequence=11 state="Accept request"
INFO [10-12|12:49:27.656] QBFT: initialize new round               address=0x13A52aaB892e1322e8b52506276363d4754c122e current.round=0 current.sequence=11 target.round=0 lastProposal.number=11 lastProposal.hash="78a560…82e890"
INFO [10-12|12:49:27.656] QBFT: start new round                    address=0x13A52aaB892e1322e8b52506276363d4754c122e old.round=0  old.sequence=11 old.state="Accept request" old.proposer=0xcE412f988377e31F4d0fF12d74df73B51C42d0cA next.round=0 next.seq=12 next.proposer=0x27A97C9AaF04f18f3014c32e036dD0Ac76Da5f18 next.valSet="[0x27A97C9AaF04f18f3014c32e036dD0Ac76Da5f18 0x93917cADBace5dFCE132B991732c6Cda9bcC5B8a 0x98C1334496614aED49d2E81526D089f7264fED9C 0xcE412f988377e31F4d0fF12d74df73B51C42d0cA]" next.size=4 next.IsProposer=false
INFO [10-12|12:49:31.699] QBFT: handle final committed             address=0x13A52aaB892e1322e8b52506276363d4754c122e current.round=0 current.sequence=12 state="Accept request"
WARN [10-12|12:49:31.700] Block sealing failed                     err=unauthorized
INFO [10-12|12:49:31.700] QBFT: initialize new round               address=0x13A52aaB892e1322e8b52506276363d4754c122e current.round=0 current.sequence=12 target.round=0 lastProposal.number=12 lastProposal.hash="45fa3f…53731b"
INFO [10-12|12:49:31.700] QBFT: start new round                    address=0x13A52aaB892e1322e8b52506276363d4754c122e old.round=0  old.sequence=12 old.state="Accept request" old.proposer=0x27A97C9AaF04f18f3014c32e036dD0Ac76Da5f18 next.round=0 next.seq=13 next.proposer=0x93917cADBace5dFCE132B991732c6Cda9bcC5B8a next.valSet="[0x27A97C9AaF04f18f3014c32e036dD0Ac76Da5f18 0x93917cADBace5dFCE132B991732c6Cda9bcC5B8a 0x98C1334496614aED49d2E81526D089f7264fED9C 0xcE412f988377e31F4d0fF12d74df73B51C42d0cA]" next.size=4 next.IsProposer=false
INFO [10-12|12:49:35.741] Imported new chain segment               blocks=1 txs=0 mgas=0.000 elapsed="991.227µs" mgasps=0.000 number=13 hash="97e548…97a22e" dirty=0.00B
INFO [10-12|12:49:35.742] Commit new mining work                   number=14 sealhash="7c6e26…78edf2" uncles=0 txs=0 gas=0 fees=0 elapsed="344.326µs"
INFO [10-12|12:49:35.751] QBFT: handle final committed             address=0x13A52aaB892e1322e8b52506276363d4754c122e current.round=0 current.sequence=13 state="Accept request"
INFO [10-12|12:49:35.752] QBFT: initialize new round               address=0x13A52aaB892e1322e8b52506276363d4754c122e current.round=0 current.sequence=13 target.round=0 lastProposal.number=13 lastProposal.hash="97e548…97a22e"
INFO [10-12|12:49:35.752] QBFT: start new round                    address=0x13A52aaB892e1322e8b52506276363d4754c122e old.round=0  old.sequence=13 old.state="Accept request" old.proposer=0x93917cADBace5dFCE132B991732c6Cda9bcC5B8a next.round=0 next.seq=14 next.proposer=0x98C1334496614aED49d2E81526D089f7264fED9C next.valSet="[0x27A97C9AaF04f18f3014c32e036dD0Ac76Da5f18 0x93917cADBace5dFCE132B991732c6Cda9bcC5B8a 0x98C1334496614aED49d2E81526D089f7264fED9C 0xcE412f988377e31F4d0fF12d74df73B51C42d0cA]" next.size=4 next.IsProposer=false
WARN [10-12|12:49:35.751] Block sealing failed                     err=unauthorized
INFO [10-12|12:49:39.828] Imported new chain segment               blocks=1 txs=0 mgas=0.000 elapsed=1.629ms     mgasps=0.000 number=14 hash="d7f6d2…06524a" dirty=0.00B
INFO [10-12|12:49:39.828] Commit new mining work                   number=15 sealhash="858a07…5db600" uncles=0 txs=0 gas=0 fees=0 elapsed="275.746µs"
WARN [10-12|12:49:39.828] Block sealing failed                     err=unauthorized
INFO [10-12|12:49:39.829] QBFT: handle final committed             address=0x13A52aaB892e1322e8b52506276363d4754c122e current.round=0 current.sequence=14 state="Accept request"
INFO [10-12|12:49:39.830] QBFT: initialize new round               address=0x13A52aaB892e1322e8b52506276363d4754c122e current.round=0 current.sequence=14 target.round=0 lastProposal.number=14 lastProposal.hash="d7f6d2…06524a"
INFO [10-12|12:49:44.386] Imported new chain segment               blocks=1 txs=0 mgas=0.000 elapsed=1.169ms     mgasps=0.000 number=15 hash="353beb…8608e4" dirty=0.00B
INFO [10-12|12:49:44.387] QBFT: handle final committed             address=0x13A52aaB892e1322e8b52506276363d4754c122e current.round=0 current.sequence=15 state="Accept request"
INFO [10-12|12:49:44.387] QBFT: initialize new round               address=0x13A52aaB892e1322e8b52506276363d4754c122e current.round=0 current.sequence=15 target.round=0 lastProposal.number=15 lastProposal.hash="353beb…8608e4"
INFO [10-12|12:49:44.388] QBFT: start new round                    address=0x13A52aaB892e1322e8b52506276363d4754c122e old.round=0  old.sequence=15 old.state="Accept request" old.proposer=0xcE412f988377e31F4d0fF12d74df73B51C42d0cA next.round=0 next.seq=16 next.proposer=0x27A97C9AaF04f18f3014c32e036dD0Ac76Da5f18 next.valSet="[0x27A97C9AaF04f18f3014c32e036dD0Ac76Da5f18 0x93917cADBace5dFCE132B991732c6Cda9bcC5B8a 0x98C1334496614aED49d2E81526D089f7264fED9C 0xcE412f988377e31F4d0fF12d74df73B51C42d0cA]" next.size=4 next.IsProposer=false
INFO [10-12|12:49:44.388] Commit new mining work                   number=16 sealhash="2d2f42…1860e2" uncles=0 txs=0 gas=0 fees=0 elapsed=1.948ms
WARN [10-12|12:49:44.388] Block sealing failed                     err=unauthorized
INFO [10-12|12:49:47.918] Imported new chain segment               blocks=1 txs=0 mgas=0.000 elapsed=1.120ms     mgasps=0.000 number=16 hash="9ce106…257b3c" dirty=0.00B
INFO [10-12|12:49:47.919] Commit new mining work                   number=17 sealhash="ebf183…95b5d4" uncles=0 txs=0 gas=0 fees=0 elapsed="322.81µs"
WARN [10-12|12:49:47.919] Block sealing failed                     err=unauthorized
INFO [10-12|12:49:47.919] QBFT: handle final committed             address=0x13A52aaB892e1322e8b52506276363d4754c122e current.round=0 current.sequence=16 state="Accept request"
INFO [10-12|12:49:47.919] QBFT: initialize new round               address=0x13A52aaB892e1322e8b52506276363d4754c122e current.round=0 current.sequence=16 target.round=0 lastProposal.number=16 lastProposal.hash="9ce106…257b3c"
INFO [10-12|12:49:47.919] QBFT: start new round                    address=0x13A52aaB892e1322e8b52506276363d4754c122e old.round=0  old.sequence=16 old.state="Accept request" old.proposer=0x27A97C9AaF04f18f3014c32e036dD0Ac76Da5f18 next.round=0 next.seq=17 next.proposer=0x93917cADBace5dFCE132B991732c6Cda9bcC5B8a next.valSet="[0x27A97C9AaF04f18f3014c32e036dD0Ac76Da5f18 0x93917cADBace5dFCE132B991732c6Cda9bcC5B8a 0x98C1334496614aED49d2E81526D089f7264fED9C 0xcE412f988377e31F4d0fF12d74df73B51C42d0cA]" next.size=4 next.IsProposer=false
INFO [10-12|12:49:52.462] Imported new chain segment               blocks=1 txs=0 mgas=0.000 elapsed=1.132ms     mgasps=0.000 number=17 hash="59caf0…94dba5" dirty=0.00B
INFO [10-12|12:49:52.471] Commit new mining work                   number=18 sealhash="644488…8daabc" uncles=0 txs=0 gas=0 fees=0 elapsed=8.633ms
INFO [10-12|12:49:52.471] QBFT: handle final committed             address=0x13A52aaB892e1322e8b52506276363d4754c122e current.round=0 current.sequence=17 state="Accept request"
INFO [10-12|12:49:52.471] QBFT: start new round                    address=0x13A52aaB892e1322e8b52506276363d4754c122e old.round=0  old.sequence=17 old.state="Accept request" old.proposer=0x93917cADBace5dFCE132B991732c6Cda9bcC5B8a next.round=0 next.seq=18 next.proposer=0x98C1334496614aED49d2E81526D089f7264fED9C next.valSet="[0x27A97C9AaF04f18f3014c32e036dD0Ac76Da5f18 0x93917cADBace5dFCE132B991732c6Cda9bcC5B8a 0x98C1334496614aED49d2E81526D089f7264fED9C 0xcE412f988377e31F4d0fF12d74df73B51C42d0cA]" next.size=4 next.IsProposer=false
WARN [10-12|12:49:52.471] Block sealing failed                     err=unauthorized
INFO [10-12|12:50:00.550] Imported new chain segment               blocks=1 txs=0 mgas=0.000 elapsed=1.478ms     mgasps=0.000 number=19 hash="8badcf…1d57af" dirty=0.00B
WARN [10-12|12:50:00.552] Block sealing failed                     err=unauthorized
INFO [10-12|12:50:59.090] Imported new chain segment               blocks=1 txs=0 mgas=0.000 elapsed=1.041ms     mgasps=0.000 number=20 hash="00b112…1d4548" dirty=0.00B
INFO [10-12|12:50:59.091] Commit new mining work                   number=21 sealhash="e60b96…bded57" uncles=0 txs=0 gas=0 fees=0 elapsed="341.608µs"
WARN [10-12|12:50:59.091] Block sealing failed                     err=unauthorized
INFO [10-12|12:50:59.092] QBFT: handle final committed             address=0x13A52aaB892e1322e8b52506276363d4754c122e current.round=0 current.sequence=20 state="Accept request"
INFO [10-12|12:50:59.092] QBFT: initialize new round               address=0x13A52aaB892e1322e8b52506276363d4754c122e current.round=0 current.sequence=20 target.round=0 lastProposal.number=20 lastProposal.hash="00b112…1d4548"
INFO [10-12|12:50:59.092] QBFT: start new round                    address=0x13A52aaB892e1322e8b52506276363d4754c122e old.round=0  old.sequence=20 old.state="Accept request" old.proposer=0x27A97C9AaF04f18f3014c32e036dD0Ac76Da5f18 next.round=0 next.seq=21 next.proposer=0x93917cADBace5dFCE132B991732c6Cda9bcC5B8a next.valSet="[0x27A97C9AaF04f18f3014c32e036dD0Ac76Da5f18 0x93917cADBace5dFCE132B991732c6Cda9bcC5B8a 0x98C1334496614aED49d2E81526D089f7264fED9C 0xcE412f988377e31F4d0fF12d74df73B51C42d0cA]" next.size=4 next.IsProposer=false
INFO [10-12|12:51:58.136] Imported new chain segment               blocks=1 txs=0 mgas=0.000 elapsed="904.466µs" mgasps=0.000 number=21 hash="8a93d0…619e60" dirty=0.00B
INFO [10-12|12:51:58.137] QBFT: handle final committed             address=0x13A52aaB892e1322e8b52506276363d4754c122e current.round=0 current.sequence=21 state="Accept request"
INFO [10-12|12:51:58.137] QBFT: initialize new round               address=0x13A52aaB892e1322e8b52506276363d4754c122e current.round=0 current.sequence=21 target.round=0 lastProposal.number=21 lastProposal.hash="8a93d0…619e60"
WARN [10-12|12:51:58.137] Block sealing failed                     err=unauthorized
INFO [10-12|12:52:57.186] Imported new chain segment               blocks=1 txs=0 mgas=0.000 elapsed="987.864µs" mgasps=0.000 number=22 hash="e2ea46…288e04" dirty=0.00B
INFO [10-12|12:52:57.187] Commit new mining work                   number=23 sealhash="ddf173…e427dc" uncles=0 txs=0 gas=0 fees=0 elapsed="312.413µs"
INFO [10-12|12:52:57.187] QBFT: handle final committed             address=0x13A52aaB892e1322e8b52506276363d4754c122e current.round=0 current.sequence=22 state="Accept request"
WARN [10-12|12:52:57.187] Block sealing failed                     err=unauthorized
INFO [10-12|12:52:57.187] QBFT: initialize new round               address=0x13A52aaB892e1322e8b52506276363d4754c122e current.round=0 current.sequence=22 target.round=0 lastProposal.number=22 lastProposal.hash="e2ea46…288e04"
INFO [10-12|12:52:57.187] QBFT: start new round                    address=0x13A52aaB892e1322e8b52506276363d4754c122e old.round=0  old.sequence=22 old.state="Accept request" old.proposer=0x98C1334496614aED49d2E81526D089f7264fED9C next.round=0 next.seq=23 next.proposer=0xcE412f988377e31F4d0fF12d74df73B51C42d0cA next.valSet="[0x27A97C9AaF04f18f3014c32e036dD0Ac76Da5f18 0x93917cADBace5dFCE132B991732c6Cda9bcC5B8a 0x98C1334496614aED49d2E81526D089f7264fED9C 0xcE412f988377e31F4d0fF12d74df73B51C42d0cA]" next.size=4 next.IsProposer=false
INFO [10-12|12:53:56.215] Imported new chain segment               blocks=1 txs=0 mgas=0.000 elapsed=1.015ms     mgasps=0.000 number=23 hash="4ede97…7af458" dirty=0.00B
INFO [10-12|12:53:56.216] Commit new mining work                   number=24 sealhash="5f9ee0…115344" uncles=0 txs=0 gas=0 fees=0 elapsed="337.127µs"
INFO [10-12|12:53:56.217] QBFT: handle final committed             address=0x13A52aaB892e1322e8b52506276363d4754c122e current.round=0 current.sequence=23 state="Accept request"
INFO [10-12|12:53:56.217] QBFT: initialize new round               address=0x13A52aaB892e1322e8b52506276363d4754c122e current.round=0 current.sequence=23 target.round=0 lastProposal.number=23 lastProposal.hash="4ede97…7af458"
INFO [10-12|12:54:55.245] Imported new chain segment               blocks=1 txs=0 mgas=0.000 elapsed=1.049ms     mgasps=0.000 number=24 hash="383d15…526a26" dirty=0.00B
INFO [10-12|12:54:55.246] Commit new mining work                   number=25 sealhash="74b9b3…f49880" uncles=0 txs=0 gas=0 fees=0 elapsed="342.002µs"
INFO [10-12|12:54:55.246] QBFT: handle final committed             address=0x13A52aaB892e1322e8b52506276363d4754c122e current.round=0 current.sequence=24 state="Accept request"
INFO [10-12|12:54:55.246] QBFT: initialize new round               address=0x13A52aaB892e1322e8b52506276363d4754c122e current.round=0 current.sequence=24 target.round=0 lastProposal.number=24 lastProposal.hash="383d15…526a26"
INFO [10-12|12:54:55.246] QBFT: start new round                    address=0x13A52aaB892e1322e8b52506276363d4754c122e old.round=0  old.sequence=24 old.state="Accept request" old.proposer=0x27A97C9AaF04f18f3014c32e036dD0Ac76Da5f18 next.round=0 next.seq=25 next.proposer=0x93917cADBace5dFCE132B991732c6Cda9bcC5B8a next.valSet="[0x27A97C9AaF04f18f3014c32e036dD0Ac76Da5f18 0x93917cADBace5dFCE132B991732c6Cda9bcC5B8a 0x98C1334496614aED49d2E81526D089f7264fED9C 0xcE412f988377e31F4d0fF12d74df73B51C42d0cA]" next.size=4 next.IsProposer=false
WARN [10-12|12:54:55.246] Block sealing failed                     err=unauthorized
INFO [10-12|12:55:54.280] Imported new chain segment               blocks=1 txs=0 mgas=0.000 elapsed=1.042ms     mgasps=0.000 number=25 hash="d34d92…7ed0fc" dirty=0.00B
INFO [10-12|12:55:54.281] Commit new mining work                   number=26 sealhash="e10cf5…ed8f9d" uncles=0 txs=0 gas=0 fees=0 elapsed="260.696µs"
WARN [10-12|12:55:54.281] Block sealing failed                     err=unauthorized
INFO [10-12|12:55:54.282] QBFT: handle final committed             address=0x13A52aaB892e1322e8b52506276363d4754c122e current.round=0 current.sequence=25 state="Accept request"
INFO [10-12|12:55:54.282] QBFT: initialize new round               address=0x13A52aaB892e1322e8b52506276363d4754c122e current.round=0 current.sequence=25 target.round=0 lastProposal.number=25 lastProposal.hash="d34d92…7ed0fc"
INFO [10-12|12:55:54.282] QBFT: start new round                    address=0x13A52aaB892e1322e8b52506276363d4754c122e old.round=0  old.sequence=25 old.state="Accept request" old.proposer=0x93917cADBace5dFCE132B991732c6Cda9bcC5B8a next.round=0 next.seq=26 next.proposer=0x98C1334496614aED49d2E81526D089f7264fED9C next.valSet="[0x27A97C9AaF04f18f3014c32e036dD0Ac76Da5f18 0x93917cADBace5dFCE132B991732c6Cda9bcC5B8a 0x98C1334496614aED49d2E81526D089f7264fED9C 0xcE412f988377e31F4d0fF12d74df73B51C42d0cA]" next.size=4 next.IsProposer=false
INFO [10-12|12:57:52.338] Imported new chain segment               blocks=1 txs=0 mgas=0.000 elapsed=1.014ms     mgasps=0.000 number=27 hash="713c4a…5fe2fc" dirty=0.00B
WARN [10-12|12:57:52.339] Block sealing failed                     err=unauthorized
INFO [10-12|12:58:51.367] Imported new chain segment               blocks=1 txs=0 mgas=0.000 elapsed=1.003ms     mgasps=0.000 number=28 hash="c62a9f…ff9381" dirty=0.00B
INFO [10-12|12:58:51.368] Commit new mining work                   number=29 sealhash="b6a6bf…c44116" uncles=0 txs=0 gas=0 fees=0 elapsed="312.259µs"
WARN [10-12|12:58:51.368] Block sealing failed                     err=unauthorized
INFO [10-12|12:58:51.368] QBFT: handle final committed             address=0x13A52aaB892e1322e8b52506276363d4754c122e current.round=0 current.sequence=28 state="Accept request"
INFO [10-12|12:58:51.368] QBFT: initialize new round               address=0x13A52aaB892e1322e8b52506276363d4754c122e current.round=0 current.sequence=28 target.round=0 lastProposal.number=28 lastProposal.hash="c62a9f…ff9381"
INFO [10-12|12:58:51.368] QBFT: start new round                    address=0x13A52aaB892e1322e8b52506276363d4754c122e old.round=0  old.sequence=28 old.state="Accept request" old.proposer=0x27A97C9AaF04f18f3014c32e036dD0Ac76Da5f18 next.round=0 next.seq=29 next.proposer=0x93917cADBace5dFCE132B991732c6Cda9bcC5B8a next.valSet="[0x27A97C9AaF04f18f3014c32e036dD0Ac76Da5f18 0x93917cADBace5dFCE132B991732c6Cda9bcC5B8a 0x98C1334496614aED49d2E81526D089f7264fED9C 0xcE412f988377e31F4d0fF12d74df73B51C42d0cA]" next.size=4 next.IsProposer=false
INFO [10-12|13:00:49.476] Imported new chain segment               blocks=1 txs=0 mgas=0.000 elapsed=1.309ms     mgasps=0.000 number=30 hash="a9eb6e…31a244" dirty=0.00B
INFO [10-12|13:00:49.478] QBFT: handle final committed             address=0x13A52aaB892e1322e8b52506276363d4754c122e current.round=0 current.sequence=30 state="Accept request"
INFO [10-12|13:00:49.481] QBFT: initialize new round               address=0x13A52aaB892e1322e8b52506276363d4754c122e current.round=0 current.sequence=30 target.round=0 lastProposal.number=30 lastProposal.hash="a9eb6e…31a244"
INFO [10-12|13:00:49.481] QBFT: start new round                    address=0x13A52aaB892e1322e8b52506276363d4754c122e old.round=0  old.sequence=30 old.state="Accept request" old.proposer=0x98C1334496614aED49d2E81526D089f7264fED9C next.round=0 next.seq=31 next.proposer=0xcE412f988377e31F4d0fF12d74df73B51C42d0cA next.valSet="[0x27A97C9AaF04f18f3014c32e036dD0Ac76Da5f18 0x93917cADBace5dFCE132B991732c6Cda9bcC5B8a 0x98C1334496614aED49d2E81526D089f7264fED9C 0xcE412f988377e31F4d0fF12d74df73B51C42d0cA]" next.size=4 next.IsProposer=false
INFO [10-12|13:01:48.516] Imported new chain segment               blocks=1 txs=0 mgas=0.000 elapsed=1.268ms     mgasps=0.000 number=31 hash="44ec77…0b1908" dirty=0.00B
INFO [10-12|13:01:48.517] Commit new mining work                   number=32 sealhash="3e4757…2bdec6" uncles=0 txs=0 gas=0 fees=0 elapsed="308.357µs"
WARN [10-12|13:01:48.517] Block sealing failed                     err=unauthorized
INFO [10-12|13:01:48.517] QBFT: handle final committed             address=0x13A52aaB892e1322e8b52506276363d4754c122e current.round=0 current.sequence=31 state="Accept request"
INFO [10-12|13:01:48.519] QBFT: initialize new round               address=0x13A52aaB892e1322e8b52506276363d4754c122e current.round=0 current.sequence=31 target.round=0 lastProposal.number=31 lastProposal.hash="44ec77…0b1908"
INFO [10-12|13:01:48.520] QBFT: start new round                    address=0x13A52aaB892e1322e8b52506276363d4754c122e old.round=0  old.sequence=31 old.state="Accept request" old.proposer=0xcE412f988377e31F4d0fF12d74df73B51C42d0cA next.round=0 next.seq=32 next.proposer=0x27A97C9AaF04f18f3014c32e036dD0Ac76Da5f18 next.valSet="[0x27A97C9AaF04f18f3014c32e036dD0Ac76Da5f18 0x93917cADBace5dFCE132B991732c6Cda9bcC5B8a 0x98C1334496614aED49d2E81526D089f7264fED9C 0xcE412f988377e31F4d0fF12d74df73B51C42d0cA]" next.size=4 next.IsProposer=false
INFO [10-12|13:03:07.055] Got interrupt, shutting down... 
INFO [10-12|13:03:07.057] HTTP server stopped                      endpoint=[::]:8545
INFO [10-12|13:03:07.059] HTTP server stopped                      endpoint=[::]:8546
INFO [10-12|13:03:07.059] IPC endpoint closed                      url=/data/geth.ipc
INFO [10-12|13:03:07.060] Stopping all plugins                     count=0
INFO [10-12|13:03:07.060] All plugins stopped                      errors=[]
INFO [10-12|13:03:07.060] extension service: stopping 
INFO [10-12|13:03:07.060] extension service: stopped 
INFO [10-12|13:03:07.062] Ethereum protocol stopped 
INFO [10-12|13:03:07.063] Transaction pool stopped 
INFO [10-12|13:03:07.063] BFT: deactivate 
INFO [10-12|13:03:07.063] QBFT: stopping...                        address=0x13A52aaB892e1322e8b52506276363d4754c122e
INFO [10-12|13:03:07.063] QBFT: stopped                            address=0x13A52aaB892e1322e8b52506276363d4754c122e
INFO [10-12|13:03:07.063] Writing cached state to disk             block=32 hash="f71900…d60226" root="d7d9af…f2e575"
INFO [10-12|13:03:07.063] Persisted trie from memory database      nodes=0 size=0.00B time="7.171µs" gcnodes=0 gcsize=0.00B gctime=0s livenodes=1 livesize=0.00B
INFO [10-12|13:03:07.063] Writing cached state to disk             block=31 hash="44ec77…0b1908" root="d7d9af…f2e575"
INFO [10-12|13:03:07.063] Persisted trie from memory database      nodes=0 size=0.00B time="3.294µs" gcnodes=0 gcsize=0.00B gctime=0s livenodes=1 livesize=0.00B
INFO [10-12|13:03:07.063] Writing snapshot state to disk           root="d7d9af…f2e575"
INFO [10-12|13:03:07.063] Persisted trie from memory database      nodes=0 size=0.00B time="2.629µs" gcnodes=0 gcsize=0.00B gctime=0s livenodes=1 livesize=0.00B
INFO [10-12|13:03:07.063] Writing clean trie cache to disk         path=/data/geth/triecache threads=4
INFO [10-12|13:03:07.076] Persisted the clean trie cache           path=/data/geth/triecache elapsed=12.338ms
INFO [10-12|13:03:07.076] Blockchain stopped 
