INFO [10-12|12:47:32.188] Starting pprof server                    addr=http://0.0.0.0:9545/debug/pprof
INFO [10-12|12:47:32.494] Tessera API version: 5.0 
INFO [10-12|12:47:32.495] Target Private Tx Manager                name=Tessera distributionVersion=22.1.7
INFO [10-12|12:47:32.498] Maximum peer count                       ETH=50 LES=0 total=50
INFO [10-12|12:47:32.498] Smartcard socket not found, disabling    err="stat /run/pcscd/pcscd.comm: no such file or directory"
WARN [10-12|12:47:32.500] Found deprecated node list file /data/static-nodes.json, please use the TOML config file instead. 
INFO [10-12|12:47:32.501] Enabling recording of key preimages since archive mode is used 
INFO [10-12|12:47:32.502] Set global gas cap                       cap=25000000
INFO [10-12|12:47:32.502] Connecting to private tx manager using HTTP 
INFO [10-12|12:47:32.592] Tessera API version: 5.0 
INFO [10-12|12:47:32.592] Target Private Tx Manager                name=Tessera distributionVersion=22.1.7
WARN [10-12|12:47:32.592] Sanitizing invalid miner gas price       provided=0 updated=0
INFO [10-12|12:47:32.592] Allocated trie memory caches             clean=154.00MiB dirty=256.00MiB
INFO [10-12|12:47:32.592] Allocated cache and file handles         database=/data/geth/chaindata cache=768.00MiB handles=524288
INFO [10-12|12:47:32.696] Initialising Quorum consensus protocol   name=istanbul versions="[100 99 64]" network=1337 dbversion=<nil>
WARN [10-12|12:47:32.696] Upgrade blockchain database version      from=<nil> to=8
INFO [10-12|12:47:32.699] Loaded most recent local header          number=0 hash="736d99…5e9f20" td=1 age=2y3mo3d
INFO [10-12|12:47:32.699] Loaded most recent local full block      number=0 hash="736d99…5e9f20" td=1 age=2y3mo3d
WARN [10-12|12:47:32.701] Failed to load snapshot, regenerating    err="missing or corrupted snapshot"
INFO [10-12|12:47:32.702] Rebuilding state snapshot 
INFO [10-12|12:47:32.702] Deleted state snapshot leftovers         kind=accounts wiped=0 elapsed="41.992µs"
INFO [10-12|12:47:32.702] Deleted state snapshot leftovers         kind=storage  wiped=0 elapsed="17.485µs"
INFO [10-12|12:47:32.702] Compacting snapshot account area  
INFO [10-12|12:47:32.742] Regenerated local transaction journal    transactions=0 accounts=0
WARN [10-12|12:47:32.769] Error reading unclean shutdown markers   error="leveldb: not found"
WARN [10-12|12:47:32.770] permission-config.json file is missing. Smart-contract-based permission service will be disabled error="stat /data/permission-config.json: no such file or directory"
INFO [10-12|12:47:32.770] extension service registered 
INFO [10-12|12:47:32.772] No plugins to initialise 
INFO [10-12|12:47:32.774] Starting peer-to-peer node               instance=Geth/03075878dbd5-qbft/v1.10.2-stable-e5b930e8(quorum-v22.7.0)/linux-amd64/go1.16.15
INFO [10-12|12:47:32.774] Compacting snapshot storage area  
INFO [10-12|12:47:32.850] Compacted snapshot area in database      elapsed=148.465ms
INFO [10-12|12:47:32.852] Resuming state snapshot generation       root="d7d9af…f2e575" accounts=0 slots=0 storage=0.00B elapsed="14.407µs"
INFO [10-12|12:47:32.853] Generated state snapshot                 accounts=11 slots=0 storage=544.00B elapsed="781.425µs"
INFO [10-12|12:47:32.899] New local node record                    seq=1 id=77e699b8a5282fa3 ip=127.0.0.1 udp=0 tcp=30303
INFO [10-12|12:47:32.900] Started P2P networking                   self="enode://ad2c79c6561bc8212c2e8382611c62e406e767d1f3106c68ca206900f575cb8ba9a8be111c645cd9803701d684454c782c40d2361b000a32ed03d26228b30ec1@127.0.0.1:30303?discport=0"
INFO [10-12|12:47:32.902] IPC endpoint opened                      url=/data/geth.ipc isMultitenant=false
INFO [10-12|12:47:32.914] Security Plugin is not enabled 
INFO [10-12|12:47:32.956] Security: TLS not enabled                endpoint=0.0.0.0:8545 reason="no TLSConfigurationSource found"
INFO [10-12|12:47:32.959] HTTP server started                      endpoint=[::]:8545    prefix= cors=* vhosts=* isTls=false
INFO [10-12|12:47:32.959] Security: TLS not enabled                endpoint=0.0.0.0:8546 reason="no TLSConfigurationSource found"
INFO [10-12|12:47:32.960] WebSocket enabled                        url=ws://[::]:8546
WARN [10-12|12:47:33.001] full p2p peer                            id=c8f776c1d83d4fddd02782c698c1334496614aed49d2e81526d089f7264fed9c ethPeer="Peer c8f776c1d83d4fdd 172.16.239.14:30303"
WARN [10-12|12:47:33.006] full p2p peer                            id=58e94810eeee14c28613b47e93917cadbace5dfce132b991732c6cda9bcc5b8a ethPeer="Peer 58e94810eeee14c2 172.16.239.11:30303"
WARN [10-12|12:47:33.006] full p2p peer                            id=27059b2392ab7830b38b2f4d27a97c9aaf04f18f3014c32e036dd0ac76da5f18 ethPeer="Peer 27059b2392ab7830 172.16.239.12:30303"
WARN [10-12|12:47:33.007] full p2p peer                            id=2a2fe7f9e880372cfd2bda0cce412f988377e31f4d0ff12d74df73b51c42d0ca ethPeer="Peer 2a2fe7f9e880372c 172.16.239.13:30303"
WARN [10-12|12:47:34.057] full p2p peer                            id=a1f75939c4a4d5c1c5241a1913a52aab892e1322e8b52506276363d4754c122e ethPeer="Peer a1f75939c4a4d5c1 172.16.239.16:36898"
WARN [10-12|12:47:34.352] full p2p peer                            id=7bdd9cf0154c19f388ab92cf401bdfcd9221cd790e7cd66eece303ed4d4b53b1 ethPeer="Peer 7bdd9cf0154c19f3 172.16.239.18:48408"
INFO [10-12|12:47:34.354] Imported new chain segment               blocks=8 txs=0 mgas=0.000 elapsed=166.796ms   mgasps=0.000 number=8 hash="2ce94f…23a78e" dirty=0.00B
WARN [10-12|12:49:09.947] full p2p peer                            id=7bdd9cf0154c19f388ab92cf401bdfcd9221cd790e7cd66eece303ed4d4b53b1 ethPeer="Peer 7bdd9cf0154c19f3 172.16.239.18:30303"
WARN [10-12|12:49:10.705] full p2p peer                            id=2a2fe7f9e880372cfd2bda0cce412f988377e31f4d0ff12d74df73b51c42d0ca ethPeer="Peer 2a2fe7f9e880372c 172.16.239.13:41412"
WARN [10-12|12:49:10.705] full p2p peer                            id=c8f776c1d83d4fddd02782c698c1334496614aed49d2e81526d089f7264fed9c ethPeer="Peer c8f776c1d83d4fdd 172.16.239.14:30303"
WARN [10-12|12:49:10.705] full p2p peer                            id=58e94810eeee14c28613b47e93917cadbace5dfce132b991732c6cda9bcc5b8a ethPeer="Peer 58e94810eeee14c2 172.16.239.11:46940"
INFO [10-12|12:49:14.969] QBFT: initialize new round               address=0xe090A28b8a9D0a69EC259CB745036d5D1030e3Ea old.round=-1 old.seq=0 target.round=0 lastProposal.number=8 lastProposal.hash="2ce94f…23a78e"
INFO [10-12|12:49:14.969] Commit new mining work                   number=9 sealhash="457235…9a7b46" uncles=0 txs=0 gas=0 fees=0 elapsed="282.715µs"
WARN [10-12|12:49:14.969] Block sealing failed                     err=unauthorized
INFO [10-12|12:49:19.550] Imported new chain segment               blocks=1 txs=0 mgas=0.000 elapsed=1.609ms     mgasps=0.000 number=9 hash="96b492…8c56b2" age=1m40s   dirty=0.00B
INFO [10-12|12:49:19.551] Commit new mining work                   number=10 sealhash="3116b8…682050" uncles=0 txs=0 gas=0 fees=0 elapsed="413.244µs"
INFO [10-12|12:49:19.553] QBFT: handle final committed             address=0xe090A28b8a9D0a69EC259CB745036d5D1030e3Ea current.round=0 current.sequence=9 state="Accept request"
INFO [10-12|12:49:19.553] QBFT: initialize new round               address=0xe090A28b8a9D0a69EC259CB745036d5D1030e3Ea current.round=0 current.sequence=9 target.round=0 lastProposal.number=9 lastProposal.hash="96b492…8c56b2"
INFO [10-12|12:49:19.553] QBFT: start new round                    address=0xe090A28b8a9D0a69EC259CB745036d5D1030e3Ea old.round=0  old.sequence=9 old.state="Accept request" old.proposer=0x27A97C9AaF04f18f3014c32e036dD0Ac76Da5f18 next.round=0 next.seq=10 next.proposer=0x98C1334496614aED49d2E81526D089f7264fED9C next.valSet="[0x27A97C9AaF04f18f3014c32e036dD0Ac76Da5f18 0x93917cADBace5dFCE132B991732c6Cda9bcC5B8a 0x98C1334496614aED49d2E81526D089f7264fED9C 0xcE412f988377e31F4d0fF12d74df73B51C42d0cA]" next.size=4 next.IsProposer=false
WARN [10-12|12:49:19.553] Block sealing failed                     err=unauthorized
INFO [10-12|12:49:23.632] Imported new chain segment               blocks=1 txs=0 mgas=0.000 elapsed=1.036ms     mgasps=0.000 number=10 hash="717064…d10aea" dirty=0.00B
INFO [10-12|12:49:23.633] Commit new mining work                   number=11 sealhash="08d806…22ce8a" uncles=0 txs=0 gas=0 fees=0 elapsed="282.081µs"
WARN [10-12|12:49:23.633] Block sealing failed                     err=unauthorized
INFO [10-12|12:49:23.634] QBFT: handle final committed             address=0xe090A28b8a9D0a69EC259CB745036d5D1030e3Ea current.round=0 current.sequence=10 state="Accept request"
INFO [10-12|12:49:23.634] QBFT: initialize new round               address=0xe090A28b8a9D0a69EC259CB745036d5D1030e3Ea current.round=0 current.sequence=10 target.round=0 lastProposal.number=10 lastProposal.hash="717064…d10aea"
INFO [10-12|12:49:23.634] QBFT: start new round                    address=0xe090A28b8a9D0a69EC259CB745036d5D1030e3Ea old.round=0  old.sequence=10 old.state="Accept request" old.proposer=0x98C1334496614aED49d2E81526D089f7264fED9C next.round=0 next.seq=11 next.proposer=0xcE412f988377e31F4d0fF12d74df73B51C42d0cA next.valSet="[0x27A97C9AaF04f18f3014c32e036dD0Ac76Da5f18 0x93917cADBace5dFCE132B991732c6Cda9bcC5B8a 0x98C1334496614aED49d2E81526D089f7264fED9C 0xcE412f988377e31F4d0fF12d74df73B51C42d0cA]" next.size=4 next.IsProposer=false
INFO [10-12|12:49:27.650] Imported new chain segment               blocks=1 txs=0 mgas=0.000 elapsed=1.009ms     mgasps=0.000 number=11 hash="78a560…82e890" dirty=0.00B
INFO [10-12|12:49:27.658] QBFT: handle final committed             address=0xe090A28b8a9D0a69EC259CB745036d5D1030e3Ea current.round=0 current.sequence=11 state="Accept request"
INFO [10-12|12:49:27.658] QBFT: initialize new round               address=0xe090A28b8a9D0a69EC259CB745036d5D1030e3Ea current.round=0 current.sequence=11 target.round=0 lastProposal.number=11 lastProposal.hash="78a560…82e890"
INFO [10-12|12:49:27.658] QBFT: start new round                    address=0xe090A28b8a9D0a69EC259CB745036d5D1030e3Ea old.round=0  old.sequence=11 old.state="Accept request" old.proposer=0xcE412f988377e31F4d0fF12d74df73B51C42d0cA next.round=0 next.seq=12 next.proposer=0x27A97C9AaF04f18f3014c32e036dD0Ac76Da5f18 next.valSet="[0x27A97C9AaF04f18f3014c32e036dD0Ac76Da5f18 0x93917cADBace5dFCE132B991732c6Cda9bcC5B8a 0x98C1334496614aED49d2E81526D089f7264fED9C 0xcE412f988377e31F4d0fF12d74df73B51C42d0cA]" next.size=4 next.IsProposer=false
INFO [10-12|12:49:27.659] Commit new mining work                   number=12 sealhash="cad1bc…7907ea" uncles=0 txs=0 gas=0 fees=0 elapsed=8.205ms
WARN [10-12|12:49:27.659] Block sealing failed                     err=unauthorized
INFO [10-12|12:49:31.693] QBFT: handle final committed             address=0xe090A28b8a9D0a69EC259CB745036d5D1030e3Ea current.round=0 current.sequence=12 state="Accept request"
INFO [10-12|12:49:31.693] QBFT: initialize new round               address=0xe090A28b8a9D0a69EC259CB745036d5D1030e3Ea current.round=0 current.sequence=12 target.round=0 lastProposal.number=12 lastProposal.hash="45fa3f…53731b"
INFO [10-12|12:49:31.693] QBFT: start new round                    address=0xe090A28b8a9D0a69EC259CB745036d5D1030e3Ea old.round=0  old.sequence=12 old.state="Accept request" old.proposer=0x27A97C9AaF04f18f3014c32e036dD0Ac76Da5f18 next.round=0 next.seq=13 next.proposer=0x93917cADBace5dFCE132B991732c6Cda9bcC5B8a next.valSet="[0x27A97C9AaF04f18f3014c32e036dD0Ac76Da5f18 0x93917cADBace5dFCE132B991732c6Cda9bcC5B8a 0x98C1334496614aED49d2E81526D089f7264fED9C 0xcE412f988377e31F4d0fF12d74df73B51C42d0cA]" next.size=4 next.IsProposer=false
INFO [10-12|12:49:35.754] Imported new chain segment               blocks=1 txs=0 mgas=0.000 elapsed=1.044ms     mgasps=0.000 number=13 hash="97e548…97a22e" dirty=0.00B
WARN [10-12|12:49:35.767] Block sealing failed                     err=unauthorized
INFO [10-12|12:49:35.768] QBFT: handle final committed             address=0xe090A28b8a9D0a69EC259CB745036d5D1030e3Ea current.round=0 current.sequence=13 state="Accept request"
INFO [10-12|12:49:35.770] QBFT: initialize new round               address=0xe090A28b8a9D0a69EC259CB745036d5D1030e3Ea current.round=0 current.sequence=13 target.round=0 lastProposal.number=13 lastProposal.hash="97e548…97a22e"
INFO [10-12|12:49:35.770] QBFT: start new round                    address=0xe090A28b8a9D0a69EC259CB745036d5D1030e3Ea old.round=0  old.sequence=13 old.state="Accept request" old.proposer=0x93917cADBace5dFCE132B991732c6Cda9bcC5B8a next.round=0 next.seq=14 next.proposer=0x98C1334496614aED49d2E81526D089f7264fED9C next.valSet="[0x27A97C9AaF04f18f3014c32e036dD0Ac76Da5f18 0x93917cADBace5dFCE132B991732c6Cda9bcC5B8a 0x98C1334496614aED49d2E81526D089f7264fED9C 0xcE412f988377e31F4d0fF12d74df73B51C42d0cA]" next.size=4 next.IsProposer=false
INFO [10-12|12:49:39.828] Imported new chain segment               blocks=1 txs=0 mgas=0.000 elapsed=1.318ms     mgasps=0.000 number=14 hash="d7f6d2…06524a" dirty=0.00B
INFO [10-12|12:49:39.828] Commit new mining work                   number=15 sealhash="45fad3…2aa2c9" uncles=0 txs=0 gas=0 fees=0 elapsed="359.097µs"
WARN [10-12|12:49:39.828] Block sealing failed                     err=unauthorized
INFO [10-12|12:49:39.829] QBFT: handle final committed             address=0xe090A28b8a9D0a69EC259CB745036d5D1030e3Ea current.round=0 current.sequence=14 state="Accept request"
INFO [10-12|12:49:39.829] QBFT: initialize new round               address=0xe090A28b8a9D0a69EC259CB745036d5D1030e3Ea current.round=0 current.sequence=14 target.round=0 lastProposal.number=14 lastProposal.hash="d7f6d2…06524a"
INFO [10-12|12:49:43.877] Imported new chain segment               blocks=1 txs=0 mgas=0.000 elapsed=1.330ms     mgasps=0.000 number=15 hash="353beb…8608e4" dirty=0.00B
INFO [10-12|12:49:43.878] Commit new mining work                   number=16 sealhash="5a30b3…f50031" uncles=0 txs=0 gas=0 fees=0 elapsed="267.611µs"
WARN [10-12|12:49:43.878] Block sealing failed                     err=unauthorized
INFO [10-12|12:49:43.878] QBFT: handle final committed             address=0xe090A28b8a9D0a69EC259CB745036d5D1030e3Ea current.round=0 current.sequence=15 state="Accept request"
INFO [10-12|12:49:43.878] QBFT: initialize new round               address=0xe090A28b8a9D0a69EC259CB745036d5D1030e3Ea current.round=0 current.sequence=15 target.round=0 lastProposal.number=15 lastProposal.hash="353beb…8608e4"
INFO [10-12|12:49:43.878] QBFT: start new round                    address=0xe090A28b8a9D0a69EC259CB745036d5D1030e3Ea old.round=0  old.sequence=15 old.state="Accept request" old.proposer=0xcE412f988377e31F4d0fF12d74df73B51C42d0cA next.round=0 next.seq=16 next.proposer=0x27A97C9AaF04f18f3014c32e036dD0Ac76Da5f18 next.valSet="[0x27A97C9AaF04f18f3014c32e036dD0Ac76Da5f18 0x93917cADBace5dFCE132B991732c6Cda9bcC5B8a 0x98C1334496614aED49d2E81526D089f7264fED9C 0xcE412f988377e31F4d0fF12d74df73B51C42d0cA]" next.size=4 next.IsProposer=false
INFO [10-12|12:49:47.912] QBFT: handle final committed             address=0xe090A28b8a9D0a69EC259CB745036d5D1030e3Ea current.round=0 current.sequence=16 state="Accept request"
INFO [10-12|12:49:47.912] QBFT: initialize new round               address=0xe090A28b8a9D0a69EC259CB745036d5D1030e3Ea current.round=0 current.sequence=16 target.round=0 lastProposal.number=16 lastProposal.hash="9ce106…257b3c"
INFO [10-12|12:49:47.912] QBFT: start new round                    address=0xe090A28b8a9D0a69EC259CB745036d5D1030e3Ea old.round=0  old.sequence=16 old.state="Accept request" old.proposer=0x27A97C9AaF04f18f3014c32e036dD0Ac76Da5f18 next.round=0 next.seq=17 next.proposer=0x93917cADBace5dFCE132B991732c6Cda9bcC5B8a next.valSet="[0x27A97C9AaF04f18f3014c32e036dD0Ac76Da5f18 0x93917cADBace5dFCE132B991732c6Cda9bcC5B8a 0x98C1334496614aED49d2E81526D089f7264fED9C 0xcE412f988377e31F4d0fF12d74df73B51C42d0cA]" next.size=4 next.IsProposer=false
INFO [10-12|12:49:51.956] Imported new chain segment               blocks=1 txs=0 mgas=0.000 elapsed=1.176ms     mgasps=0.000 number=17 hash="59caf0…94dba5" dirty=0.00B
INFO [10-12|12:49:51.958] Commit new mining work                   number=18 sealhash="171ec2…1b4260" uncles=0 txs=0 gas=0 fees=0 elapsed=1.280ms
WARN [10-12|12:49:51.958] Block sealing failed                     err=unauthorized
INFO [10-12|12:49:56.029] Imported new chain segment               blocks=1 txs=0 mgas=0.000 elapsed="984.851µs" mgasps=0.000 number=18 hash="80613b…87d9c3" dirty=0.00B
INFO [10-12|12:49:56.029] Commit new mining work                   number=19 sealhash="4877bc…d5f5fa" uncles=0 txs=0 gas=0 fees=0 elapsed="361.509µs"
WARN [10-12|12:49:56.029] Block sealing failed                     err=unauthorized
INFO [10-12|12:49:56.030] QBFT: handle final committed             address=0xe090A28b8a9D0a69EC259CB745036d5D1030e3Ea current.round=0 current.sequence=18 state="Accept request"
INFO [10-12|12:49:56.030] QBFT: initialize new round               address=0xe090A28b8a9D0a69EC259CB745036d5D1030e3Ea current.round=0 current.sequence=18 target.round=0 lastProposal.number=18 lastProposal.hash="80613b…87d9c3"
INFO [10-12|12:49:56.030] QBFT: start new round                    address=0xe090A28b8a9D0a69EC259CB745036d5D1030e3Ea old.round=0  old.sequence=18 old.state="Accept request" old.proposer=0x98C1334496614aED49d2E81526D089f7264fED9C next.round=0 next.seq=19 next.proposer=0xcE412f988377e31F4d0fF12d74df73B51C42d0cA next.valSet="[0x27A97C9AaF04f18f3014c32e036dD0Ac76Da5f18 0x93917cADBace5dFCE132B991732c6Cda9bcC5B8a 0x98C1334496614aED49d2E81526D089f7264fED9C 0xcE412f988377e31F4d0fF12d74df73B51C42d0cA]" next.size=4 next.IsProposer=false
INFO [10-12|12:50:00.049] Imported new chain segment               blocks=1 txs=0 mgas=0.000 elapsed=1.034ms     mgasps=0.000 number=19 hash="8badcf…1d57af" dirty=0.00B
INFO [10-12|12:50:00.049] Commit new mining work                   number=20 sealhash="81eaf0…624f29" uncles=0 txs=0 gas=0 fees=0 elapsed="290.743µs"
WARN [10-12|12:50:00.049] Block sealing failed                     err=unauthorized
INFO [10-12|12:50:00.050] QBFT: start new round                    address=0xe090A28b8a9D0a69EC259CB745036d5D1030e3Ea old.round=0  old.sequence=19 old.state="Accept request" old.proposer=0xcE412f988377e31F4d0fF12d74df73B51C42d0cA next.round=0 next.seq=20 next.proposer=0x27A97C9AaF04f18f3014c32e036dD0Ac76Da5f18 next.valSet="[0x27A97C9AaF04f18f3014c32e036dD0Ac76Da5f18 0x93917cADBace5dFCE132B991732c6Cda9bcC5B8a 0x98C1334496614aED49d2E81526D089f7264fED9C 0xcE412f988377e31F4d0fF12d74df73B51C42d0cA]" next.size=4 next.IsProposer=false
INFO [10-12|12:50:59.089] Imported new chain segment               blocks=1 txs=0 mgas=0.000 elapsed=1.043ms     mgasps=0.000 number=20 hash="00b112…1d4548" dirty=0.00B
INFO [10-12|12:50:59.089] QBFT: handle final committed             address=0xe090A28b8a9D0a69EC259CB745036d5D1030e3Ea current.round=0 current.sequence=20 state="Accept request"
INFO [10-12|12:50:59.089] QBFT: initialize new round               address=0xe090A28b8a9D0a69EC259CB745036d5D1030e3Ea current.round=0 current.sequence=20 target.round=0 lastProposal.number=20 lastProposal.hash="00b112…1d4548"
INFO [10-12|12:50:59.090] QBFT: start new round                    address=0xe090A28b8a9D0a69EC259CB745036d5D1030e3Ea old.round=0  old.sequence=20 old.state="Accept request" old.proposer=0x27A97C9AaF04f18f3014c32e036dD0Ac76Da5f18 next.round=0 next.seq=21 next.proposer=0x93917cADBace5dFCE132B991732c6Cda9bcC5B8a next.valSet="[0x27A97C9AaF04f18f3014c32e036dD0Ac76Da5f18 0x93917cADBace5dFCE132B991732c6Cda9bcC5B8a 0x98C1334496614aED49d2E81526D089f7264fED9C 0xcE412f988377e31F4d0fF12d74df73B51C42d0cA]" next.size=4 next.IsProposer=false
INFO [10-12|12:50:59.090] Commit new mining work                   number=21 sealhash="a357d5…87de13" uncles=0 txs=0 gas=0 fees=0 elapsed="346.393µs"
WARN [10-12|12:50:59.090] Block sealing failed                     err=unauthorized
INFO [10-12|12:52:57.183] Imported new chain segment               blocks=1 txs=0 mgas=0.000 elapsed="948.588µs" mgasps=0.000 number=22 hash="e2ea46…288e04" dirty=0.00B
INFO [10-12|12:52:57.184] Commit new mining work                   number=23 sealhash="833858…b26f60" uncles=0 txs=0 gas=0 fees=0 elapsed="285.717µs"
WARN [10-12|12:52:57.184] Block sealing failed                     err=unauthorized
INFO [10-12|12:52:57.185] QBFT: handle final committed             address=0xe090A28b8a9D0a69EC259CB745036d5D1030e3Ea current.round=0 current.sequence=22 state="Accept request"
INFO [10-12|12:52:57.185] QBFT: initialize new round               address=0xe090A28b8a9D0a69EC259CB745036d5D1030e3Ea current.round=0 current.sequence=22 target.round=0 lastProposal.number=22 lastProposal.hash="e2ea46…288e04"
INFO [10-12|12:52:57.185] QBFT: start new round                    address=0xe090A28b8a9D0a69EC259CB745036d5D1030e3Ea old.round=0  old.sequence=22 old.state="Accept request" old.proposer=0x98C1334496614aED49d2E81526D089f7264fED9C next.round=0 next.seq=23 next.proposer=0xcE412f988377e31F4d0fF12d74df73B51C42d0cA next.valSet="[0x27A97C9AaF04f18f3014c32e036dD0Ac76Da5f18 0x93917cADBace5dFCE132B991732c6Cda9bcC5B8a 0x98C1334496614aED49d2E81526D089f7264fED9C 0xcE412f988377e31F4d0fF12d74df73B51C42d0cA]" next.size=4 next.IsProposer=false
INFO [10-12|12:54:55.248] Imported new chain segment               blocks=1 txs=0 mgas=0.000 elapsed=1.908ms     mgasps=0.000 number=24 hash="383d15…526a26" dirty=0.00B
INFO [10-12|12:54:55.248] Commit new mining work                   number=25 sealhash="61fdb7…58ed16" uncles=0 txs=0 gas=0 fees=0 elapsed="372.095µs"
WARN [10-12|12:54:55.248] Block sealing failed                     err=unauthorized
INFO [10-12|12:54:55.248] QBFT: handle final committed             address=0xe090A28b8a9D0a69EC259CB745036d5D1030e3Ea current.round=0 current.sequence=24 state="Accept request"
INFO [10-12|12:54:55.248] QBFT: initialize new round               address=0xe090A28b8a9D0a69EC259CB745036d5D1030e3Ea current.round=0 current.sequence=24 target.round=0 lastProposal.number=24 lastProposal.hash="383d15…526a26"
INFO [10-12|12:54:55.249] QBFT: start new round                    address=0xe090A28b8a9D0a69EC259CB745036d5D1030e3Ea old.round=0  old.sequence=24 old.state="Accept request" old.proposer=0x27A97C9AaF04f18f3014c32e036dD0Ac76Da5f18 next.round=0 next.seq=25 next.proposer=0x93917cADBace5dFCE132B991732c6Cda9bcC5B8a next.valSet="[0x27A97C9AaF04f18f3014c32e036dD0Ac76Da5f18 0x93917cADBace5dFCE132B991732c6Cda9bcC5B8a 0x98C1334496614aED49d2E81526D089f7264fED9C 0xcE412f988377e31F4d0fF12d74df73B51C42d0cA]" next.size=4 next.IsProposer=false
INFO [10-12|12:55:54.281] Imported new chain segment               blocks=1 txs=0 mgas=0.000 elapsed="922.276µs" mgasps=0.000 number=25 hash="d34d92…7ed0fc" dirty=0.00B
INFO [10-12|12:55:54.281] Commit new mining work                   number=26 sealhash="0e367d…ce20cf" uncles=0 txs=0 gas=0 fees=0 elapsed="282.988µs"
WARN [10-12|12:55:54.281] Block sealing failed                     err=unauthorized
INFO [10-12|12:55:54.281] QBFT: handle final committed             address=0xe090A28b8a9D0a69EC259CB745036d5D1030e3Ea current.round=0 current.sequence=25 state="Accept request"
INFO [10-12|12:55:54.281] QBFT: initialize new round               address=0xe090A28b8a9D0a69EC259CB745036d5D1030e3Ea current.round=0 current.sequence=25 target.round=0 lastProposal.number=25 lastProposal.hash="d34d92…7ed0fc"
INFO [10-12|12:55:54.281] QBFT: start new round                    address=0xe090A28b8a9D0a69EC259CB745036d5D1030e3Ea old.round=0  old.sequence=25 old.state="Accept request" old.proposer=0x93917cADBace5dFCE132B991732c6Cda9bcC5B8a next.round=0 next.seq=26 next.proposer=0x98C1334496614aED49d2E81526D089f7264fED9C next.valSet="[0x27A97C9AaF04f18f3014c32e036dD0Ac76Da5f18 0x93917cADBace5dFCE132B991732c6Cda9bcC5B8a 0x98C1334496614aED49d2E81526D089f7264fED9C 0xcE412f988377e31F4d0fF12d74df73B51C42d0cA]" next.size=4 next.IsProposer=false
INFO [10-12|12:56:53.312] Imported new chain segment               blocks=1 txs=0 mgas=0.000 elapsed=1.037ms     mgasps=0.000 number=26 hash="9e7ec9…e53301" dirty=0.00B
INFO [10-12|12:56:53.313] Commit new mining work                   number=27 sealhash="65504d…b0706c" uncles=0 txs=0 gas=0 fees=0 elapsed="304.871µs"
WARN [10-12|12:56:53.313] Block sealing failed                     err=unauthorized
INFO [10-12|12:56:53.313] QBFT: handle final committed             address=0xe090A28b8a9D0a69EC259CB745036d5D1030e3Ea current.round=0 current.sequence=26 state="Accept request"
INFO [10-12|12:56:53.313] QBFT: initialize new round               address=0xe090A28b8a9D0a69EC259CB745036d5D1030e3Ea current.round=0 current.sequence=26 target.round=0 lastProposal.number=26 lastProposal.hash="9e7ec9…e53301"
INFO [10-12|12:56:53.313] QBFT: start new round                    address=0xe090A28b8a9D0a69EC259CB745036d5D1030e3Ea old.round=0  old.sequence=26 old.state="Accept request" old.proposer=0x98C1334496614aED49d2E81526D089f7264fED9C next.round=0 next.seq=27 next.proposer=0xcE412f988377e31F4d0fF12d74df73B51C42d0cA next.valSet="[0x27A97C9AaF04f18f3014c32e036dD0Ac76Da5f18 0x93917cADBace5dFCE132B991732c6Cda9bcC5B8a 0x98C1334496614aED49d2E81526D089f7264fED9C 0xcE412f988377e31F4d0fF12d74df73B51C42d0cA]" next.size=4 next.IsProposer=false
INFO [10-12|12:57:52.336] Commit new mining work                   number=28 sealhash="463515…f897a3" uncles=0 txs=0 gas=0 fees=0 elapsed="294.722µs"
WARN [10-12|12:57:52.336] Block sealing failed                     err=unauthorized
INFO [10-12|12:57:52.336] QBFT: initialize new round               address=0xe090A28b8a9D0a69EC259CB745036d5D1030e3Ea current.round=0 current.sequence=27 target.round=0 lastProposal.number=27 lastProposal.hash="713c4a…5fe2fc"
INFO [10-12|12:57:52.337] QBFT: start new round                    address=0xe090A28b8a9D0a69EC259CB745036d5D1030e3Ea old.round=0  old.sequence=27 old.state="Accept request" old.proposer=0xcE412f988377e31F4d0fF12d74df73B51C42d0cA next.round=0 next.seq=28 next.proposer=0x27A97C9AaF04f18f3014c32e036dD0Ac76Da5f18 next.valSet="[0x27A97C9AaF04f18f3014c32e036dD0Ac76Da5f18 0x93917cADBace5dFCE132B991732c6Cda9bcC5B8a 0x98C1334496614aED49d2E81526D089f7264fED9C 0xcE412f988377e31F4d0fF12d74df73B51C42d0cA]" next.size=4 next.IsProposer=false
INFO [10-12|12:58:51.358] Imported new chain segment               blocks=1 txs=0 mgas=0.000 elapsed=1.007ms     mgasps=0.000 number=28 hash="c62a9f…ff9381" dirty=0.00B
INFO [10-12|12:59:50.435] Imported new chain segment               blocks=1 txs=0 mgas=0.000 elapsed=12.455ms    mgasps=0.000 number=29 hash="9d11d2…bc2794" dirty=0.00B
INFO [10-12|12:59:50.439] QBFT: handle final committed             address=0xe090A28b8a9D0a69EC259CB745036d5D1030e3Ea current.round=0 current.sequence=29 state="Accept request"
INFO [10-12|12:59:50.442] QBFT: initialize new round               address=0xe090A28b8a9D0a69EC259CB745036d5D1030e3Ea current.round=0 current.sequence=29 target.round=0 lastProposal.number=29 lastProposal.hash="9d11d2…bc2794"
INFO [10-12|12:59:50.463] QBFT: start new round                    address=0xe090A28b8a9D0a69EC259CB745036d5D1030e3Ea old.round=0  old.sequence=29 old.state="Accept request" old.proposer=0x93917cADBace5dFCE132B991732c6Cda9bcC5B8a next.round=0 next.seq=30 next.proposer=0x98C1334496614aED49d2E81526D089f7264fED9C next.valSet="[0x27A97C9AaF04f18f3014c32e036dD0Ac76Da5f18 0x93917cADBace5dFCE132B991732c6Cda9bcC5B8a 0x98C1334496614aED49d2E81526D089f7264fED9C 0xcE412f988377e31F4d0fF12d74df73B51C42d0cA]" next.size=4 next.IsProposer=false
INFO [10-12|13:00:49.473] Imported new chain segment               blocks=1 txs=0 mgas=0.000 elapsed=1.218ms     mgasps=0.000 number=30 hash="a9eb6e…31a244" dirty=0.00B
INFO [10-12|13:00:49.480] Commit new mining work                   number=31 sealhash="72c43f…286b23" uncles=0 txs=0 gas=0 fees=0 elapsed="303.321µs"
INFO [10-12|13:00:49.480] QBFT: handle final committed             address=0xe090A28b8a9D0a69EC259CB745036d5D1030e3Ea current.round=0 current.sequence=30 state="Accept request"
INFO [10-12|13:00:49.480] QBFT: initialize new round               address=0xe090A28b8a9D0a69EC259CB745036d5D1030e3Ea current.round=0 current.sequence=30 target.round=0 lastProposal.number=30 lastProposal.hash="a9eb6e…31a244"
WARN [10-12|13:00:49.480] Block sealing failed                     err=unauthorized
INFO [10-12|13:00:49.480] QBFT: start new round                    address=0xe090A28b8a9D0a69EC259CB745036d5D1030e3Ea old.round=0  old.sequence=30 old.state="Accept request" old.proposer=0x98C1334496614aED49d2E81526D089f7264fED9C next.round=0 next.seq=31 next.proposer=0xcE412f988377e31F4d0fF12d74df73B51C42d0cA next.valSet="[0x27A97C9AaF04f18f3014c32e036dD0Ac76Da5f18 0x93917cADBace5dFCE132B991732c6Cda9bcC5B8a 0x98C1334496614aED49d2E81526D089f7264fED9C 0xcE412f988377e31F4d0fF12d74df73B51C42d0cA]" next.size=4 next.IsProposer=false
INFO [10-12|13:01:48.513] Imported new chain segment               blocks=1 txs=0 mgas=0.000 elapsed=1.289ms     mgasps=0.000 number=31 hash="44ec77…0b1908" dirty=0.00B
INFO [10-12|13:01:48.518] QBFT: start new round                    address=0xe090A28b8a9D0a69EC259CB745036d5D1030e3Ea old.round=0  old.sequence=31 old.state="Accept request" old.proposer=0xcE412f988377e31F4d0fF12d74df73B51C42d0cA next.round=0 next.seq=32 next.proposer=0x27A97C9AaF04f18f3014c32e036dD0Ac76Da5f18 next.valSet="[0x27A97C9AaF04f18f3014c32e036dD0Ac76Da5f18 0x93917cADBace5dFCE132B991732c6Cda9bcC5B8a 0x98C1334496614aED49d2E81526D089f7264fED9C 0xcE412f988377e31F4d0fF12d74df73B51C42d0cA]" next.size=4 next.IsProposer=false
INFO [10-12|13:01:48.520] Commit new mining work                   number=32 sealhash="06311f…59c1e4" uncles=0 txs=0 gas=0 fees=0 elapsed=5.643ms
INFO [10-12|13:02:47.550] Imported new chain segment               blocks=1 txs=0 mgas=0.000 elapsed=1.186ms     mgasps=0.000 number=32 hash="f71900…d60226" dirty=0.00B
INFO [10-12|13:02:47.551] QBFT: handle final committed             address=0xe090A28b8a9D0a69EC259CB745036d5D1030e3Ea current.round=0 current.sequence=32 state="Accept request"
INFO [10-12|13:02:47.551] QBFT: initialize new round               address=0xe090A28b8a9D0a69EC259CB745036d5D1030e3Ea current.round=0 current.sequence=32 target.round=0 lastProposal.number=32 lastProposal.hash="f71900…d60226"
INFO [10-12|13:02:47.552] QBFT: start new round                    address=0xe090A28b8a9D0a69EC259CB745036d5D1030e3Ea old.round=0  old.sequence=32 old.state="Accept request" old.proposer=0x27A97C9AaF04f18f3014c32e036dD0Ac76Da5f18 next.round=0 next.seq=33 next.proposer=0x93917cADBace5dFCE132B991732c6Cda9bcC5B8a next.valSet="[0x27A97C9AaF04f18f3014c32e036dD0Ac76Da5f18 0x93917cADBace5dFCE132B991732c6Cda9bcC5B8a 0x98C1334496614aED49d2E81526D089f7264fED9C 0xcE412f988377e31F4d0fF12d74df73B51C42d0cA]" next.size=4 next.IsProposer=false
INFO [10-12|13:02:47.552] Commit new mining work                   number=33 sealhash="bb3202…ce36b9" uncles=0 txs=0 gas=0 fees=0 elapsed="243.248µs"
WARN [10-12|13:02:47.552] Block sealing failed                     err=unauthorized
INFO [10-12|13:03:06.756] Got interrupt, shutting down... 
INFO [10-12|13:03:06.757] HTTP server stopped                      endpoint=[::]:8545
INFO [10-12|13:03:06.758] extension service: stopped 
INFO [10-12|13:03:06.760] Ethereum protocol stopped 
INFO [10-12|13:03:06.760] Transaction pool stopped 
INFO [10-12|13:03:06.761] BFT: deactivate 
INFO [10-12|13:03:06.761] QBFT: stopping...                        address=0xe090A28b8a9D0a69EC259CB745036d5D1030e3Ea
INFO [10-12|13:03:06.761] QBFT: stopped                            address=0xe090A28b8a9D0a69EC259CB745036d5D1030e3Ea
INFO [10-12|13:03:06.761] Writing cached state to disk             block=32 hash="f71900…d60226" root="d7d9af…f2e575"
INFO [10-12|13:03:06.761] Persisted trie from memory database      nodes=0 size=0.00B time="4.037µs" gcnodes=0 gcsize=0.00B gctime=0s livenodes=1 livesize=0.00B
INFO [10-12|13:03:06.761] Writing cached state to disk             block=31 hash="44ec77…0b1908" root="d7d9af…f2e575"
INFO [10-12|13:03:06.761] Persisted trie from memory database      nodes=0 size=0.00B time="1.643µs" gcnodes=0 gcsize=0.00B gctime=0s livenodes=1 livesize=0.00B
INFO [10-12|13:03:06.761] Writing snapshot state to disk           root="d7d9af…f2e575"
INFO [10-12|13:03:06.761] Persisted trie from memory database      nodes=0 size=0.00B time="1.332µs" gcnodes=0 gcsize=0.00B gctime=0s livenodes=1 livesize=0.00B
INFO [10-12|13:03:06.761] Writing clean trie cache to disk         path=/data/geth/triecache threads=4
INFO [10-12|13:03:06.850] Persisted the clean trie cache           path=/data/geth/triecache elapsed=89.426ms
INFO [10-12|13:03:06.851] Blockchain stopped 
