INFO [10-12|12:47:31.321] Starting pprof server                    addr=http://0.0.0.0:9545/debug/pprof
INFO [10-12|12:47:31.322] Enabling metrics collection 
INFO [10-12|12:47:31.650] Tessera API version: 5.0 
INFO [10-12|12:47:31.650] Target Private Tx Manager                name=Tessera distributionVersion=22.1.7
INFO [10-12|12:47:31.653] Maximum peer count                       ETH=50 LES=0 total=50
INFO [10-12|12:47:31.653] Smartcard socket not found, disabling    err="stat /run/pcscd/pcscd.comm: no such file or directory"
INFO [10-12|12:47:31.835] Tessera API version: 5.0 
INFO [10-12|12:47:31.835] Target Private Tx Manager                name=Tessera distributionVersion=22.1.7
WARN [10-12|12:47:31.835] Sanitizing invalid miner gas price       provided=0 updated=0
INFO [10-12|12:47:31.835] Allocated trie memory caches             clean=154.00MiB dirty=256.00MiB
INFO [10-12|12:47:31.835] Allocated cache and file handles         database=/data/geth/chaindata cache=768.00MiB handles=524288
INFO [10-12|12:47:32.083] Loaded most recent local full block      number=0 hash="736d99…5e9f20" td=1 age=2y3mo3d
WARN [10-12|12:47:32.084] Failed to load snapshot, regenerating    err="missing or corrupted snapshot"
INFO [10-12|12:47:32.085] Rebuilding state snapshot 
INFO [10-12|12:47:32.085] Deleted state snapshot leftovers         kind=accounts wiped=0 elapsed="94.476µs"
INFO [10-12|12:47:32.086] Deleted state snapshot leftovers         kind=storage  wiped=0 elapsed="35.398µs"
INFO [10-12|12:47:32.086] Compacting snapshot account area  
INFO [10-12|12:47:32.086] Wiper running, state snapshotting paused accounts=0 slots=0 storage=0.00B elapsed="596.838µs"
WARN [10-12|12:47:34.096] Error reading unclean shutdown markers   error="leveldb: not found"
WARN [10-12|12:47:34.106] permission-config.json file is missing. Smart-contract-based permission service will be disabled error="stat /data/permission-config.json: no such file or directory"
INFO [10-12|12:47:34.107] extension service registered 
INFO [10-12|12:47:34.109] No plugins to initialise 
INFO [10-12|12:47:34.109] Starting peer-to-peer node               instance=Geth/4a3c757700f6-qbft/v1.10.2-stable-e5b930e8(quorum-v22.7.0)/linux-amd64/go1.16.15
INFO [10-12|12:47:34.171] IPC endpoint opened                      url=/data/geth.ipc isMultitenant=false
INFO [10-12|12:47:34.174] Security Plugin is not enabled 
INFO [10-12|12:47:34.194] New local node record                    seq=1 id=7bdd9cf0154c19f3 ip=127.0.0.1 udp=0 tcp=30303
INFO [10-12|12:47:34.206] Started P2P networking                   self="enode://af19c92deb635bd7720634de9b2e7908208530d6f5e96eee003a8f1799e5be4037957d7e2fdbe3605e3a38dab05c961679c02133a0e624e23a72f7961e8af6ac@127.0.0.1:30303?discport=0"
WARN [10-12|12:47:34.276] full p2p peer                            id=c8f776c1d83d4fddd02782c698c1334496614aed49d2e81526d089f7264fed9c ethPeer="Peer c8f776c1d83d4fdd 172.16.239.14:30303"
INFO [10-12|12:47:34.488] Generated state snapshot                 accounts=11 slots=0 storage=544.00B elapsed=17.362ms
WARN [10-12|12:49:09.719] full p2p peer                            id=c8f776c1d83d4fddd02782c698c1334496614aed49d2e81526d089f7264fed9c ethPeer="Peer c8f776c1d83d4fdd 172.16.239.14:30303"
WARN [10-12|12:49:10.893] full p2p peer                            id=27059b2392ab7830b38b2f4d27a97c9aaf04f18f3014c32e036dd0ac76da5f18 ethPeer="Peer 27059b2392ab7830 172.16.239.12:59110"
WARN [10-12|12:49:10.912] full p2p peer                            id=2a2fe7f9e880372cfd2bda0cce412f988377e31f4d0ff12d74df73b51c42d0ca ethPeer="Peer 2a2fe7f9e880372c 172.16.239.13:30303"
INFO [10-12|12:49:12.259] Transaction pool price threshold not updated as gasPrice is not enabled 
INFO [10-12|12:49:12.269] Commit new mining work                   number=9 sealhash="6c38f3…829231" uncles=0 txs=0 gas=0 fees=0 elapsed=4.771ms
WARN [10-12|12:49:12.270] Block sealing failed                     err=unauthorized
INFO [10-12|12:49:19.549] Imported new chain segment               blocks=1 txs=0 mgas=0.000 elapsed=1.124ms     mgasps=0.000 number=9 hash="96b492…8c56b2" age=1m40s   dirty=0.00B
INFO [10-12|12:49:19.549] Commit new mining work                   number=10 sealhash="e75368…8fe351" uncles=0 txs=0 gas=0 fees=0 elapsed="268.647µs"
WARN [10-12|12:49:19.550] Block sealing failed                     err=unauthorized
INFO [10-12|12:49:19.552] QBFT: handle final committed             address=0x401BDFcd9221CD790E7cd66EeCE303eD4D4B53B1 current.round=0 current.sequence=9 state="Accept request"
INFO [10-12|12:49:19.552] QBFT: initialize new round               address=0x401BDFcd9221CD790E7cd66EeCE303eD4D4B53B1 current.round=0 current.sequence=9 target.round=0 lastProposal.number=9 lastProposal.hash="96b492…8c56b2"
INFO [10-12|12:49:19.552] QBFT: start new round                    address=0x401BDFcd9221CD790E7cd66EeCE303eD4D4B53B1 old.round=0  old.sequence=9 old.state="Accept request" old.proposer=0x27A97C9AaF04f18f3014c32e036dD0Ac76Da5f18 next.round=0 next.seq=10 next.proposer=0x98C1334496614aED49d2E81526D089f7264fED9C next.valSet="[0x27A97C9AaF04f18f3014c32e036dD0Ac76Da5f18 0x93917cADBace5dFCE132B991732c6Cda9bcC5B8a 0x98C1334496614aED49d2E81526D089f7264fED9C 0xcE412f988377e31F4d0fF12d74df73B51C42d0cA]" next.size=4 next.IsProposer=false
INFO [10-12|12:49:23.632] Imported new chain segment               blocks=1 txs=0 mgas=0.000 elapsed="933.632µs" mgasps=0.000 number=10 hash="717064…d10aea" dirty=0.00B
INFO [10-12|12:49:23.633] Commit new mining work                   number=11 sealhash="3cab7f…7ff485" uncles=0 txs=0 gas=0 fees=0 elapsed="282.678µs"
WARN [10-12|12:49:23.633] Block sealing failed                     err=unauthorized
INFO [10-12|12:49:23.634] QBFT: handle final committed             address=0x401BDFcd9221CD790E7cd66EeCE303eD4D4B53B1 current.round=0 current.sequence=10 state="Accept request"
INFO [10-12|12:49:23.634] QBFT: initialize new round               address=0x401BDFcd9221CD790E7cd66EeCE303eD4D4B53B1 current.round=0 current.sequence=10 target.round=0 lastProposal.number=10 lastProposal.hash="717064…d10aea"
INFO [10-12|12:49:23.634] QBFT: start new round                    address=0x401BDFcd9221CD790E7cd66EeCE303eD4D4B53B1 old.round=0  old.sequence=10 old.state="Accept request" old.proposer=0x98C1334496614aED49d2E81526D089f7264fED9C next.round=0 next.seq=11 next.proposer=0xcE412f988377e31F4d0fF12d74df73B51C42d0cA next.valSet="[0x27A97C9AaF04f18f3014c32e036dD0Ac76Da5f18 0x93917cADBace5dFCE132B991732c6Cda9bcC5B8a 0x98C1334496614aED49d2E81526D089f7264fED9C 0xcE412f988377e31F4d0fF12d74df73B51C42d0cA]" next.size=4 next.IsProposer=false
INFO [10-12|12:49:27.653] Imported new chain segment               blocks=1 txs=0 mgas=0.000 elapsed=1.051ms     mgasps=0.000 number=11 hash="78a560…82e890" dirty=0.00B
INFO [10-12|12:49:27.654] Commit new mining work                   number=12 sealhash="3af127…a82c4c" uncles=0 txs=0 gas=0 fees=0 elapsed="300.128µs"
WARN [10-12|12:49:27.654] Block sealing failed                     err=unauthorized
INFO [10-12|12:49:27.654] QBFT: handle final committed             address=0x401BDFcd9221CD790E7cd66EeCE303eD4D4B53B1 current.round=0 current.sequence=11 state="Accept request"
INFO [10-12|12:49:27.654] QBFT: initialize new round               address=0x401BDFcd9221CD790E7cd66EeCE303eD4D4B53B1 current.round=0 current.sequence=11 target.round=0 lastProposal.number=11 lastProposal.hash="78a560…82e890"
INFO [10-12|12:49:27.654] QBFT: start new round                    address=0x401BDFcd9221CD790E7cd66EeCE303eD4D4B53B1 old.round=0  old.sequence=11 old.state="Accept request" old.proposer=0xcE412f988377e31F4d0fF12d74df73B51C42d0cA next.round=0 next.seq=12 next.proposer=0x27A97C9AaF04f18f3014c32e036dD0Ac76Da5f18 next.valSet="[0x27A97C9AaF04f18f3014c32e036dD0Ac76Da5f18 0x93917cADBace5dFCE132B991732c6Cda9bcC5B8a 0x98C1334496614aED49d2E81526D089f7264fED9C 0xcE412f988377e31F4d0fF12d74df73B51C42d0cA]" next.size=4 next.IsProposer=false
INFO [10-12|12:49:31.694] Imported new chain segment               blocks=1 txs=0 mgas=0.000 elapsed=1.066ms     mgasps=0.000 number=12 hash="45fa3f…53731b" dirty=0.00B
INFO [10-12|12:49:31.695] Commit new mining work                   number=13 sealhash="15e604…d9cb8e" uncles=0 txs=0 gas=0 fees=0 elapsed="367.202µs"
WARN [10-12|12:49:31.695] Block sealing failed                     err=unauthorized
INFO [10-12|12:49:31.696] QBFT: handle final committed             address=0x401BDFcd9221CD790E7cd66EeCE303eD4D4B53B1 current.round=0 current.sequence=12 state="Accept request"
INFO [10-12|12:49:31.696] QBFT: initialize new round               address=0x401BDFcd9221CD790E7cd66EeCE303eD4D4B53B1 current.round=0 current.sequence=12 target.round=0 lastProposal.number=12 lastProposal.hash="45fa3f…53731b"
INFO [10-12|12:49:31.696] QBFT: start new round                    address=0x401BDFcd9221CD790E7cd66EeCE303eD4D4B53B1 old.round=0  old.sequence=12 old.state="Accept request" old.proposer=0x27A97C9AaF04f18f3014c32e036dD0Ac76Da5f18 next.round=0 next.seq=13 next.proposer=0x93917cADBace5dFCE132B991732c6Cda9bcC5B8a next.valSet="[0x27A97C9AaF04f18f3014c32e036dD0Ac76Da5f18 0x93917cADBace5dFCE132B991732c6Cda9bcC5B8a 0x98C1334496614aED49d2E81526D089f7264fED9C 0xcE412f988377e31F4d0fF12d74df73B51C42d0cA]" next.size=4 next.IsProposer=false
INFO [10-12|12:49:35.743] Imported new chain segment               blocks=1 txs=0 mgas=0.000 elapsed="905.914µs" mgasps=0.000 number=13 hash="97e548…97a22e" dirty=0.00B
INFO [10-12|12:49:35.744] Commit new mining work                   number=14 sealhash="64b2c6…f2737d" uncles=0 txs=0 gas=0 fees=0 elapsed="357.204µs"
WARN [10-12|12:49:35.744] Block sealing failed                     err=unauthorized
INFO [10-12|12:49:35.745] QBFT: handle final committed             address=0x401BDFcd9221CD790E7cd66EeCE303eD4D4B53B1 current.round=0 current.sequence=13 state="Accept request"
INFO [10-12|12:49:35.745] QBFT: initialize new round               address=0x401BDFcd9221CD790E7cd66EeCE303eD4D4B53B1 current.round=0 current.sequence=13 target.round=0 lastProposal.number=13 lastProposal.hash="97e548…97a22e"
INFO [10-12|12:49:35.745] QBFT: start new round                    address=0x401BDFcd9221CD790E7cd66EeCE303eD4D4B53B1 old.round=0  old.sequence=13 old.state="Accept request" old.proposer=0x93917cADBace5dFCE132B991732c6Cda9bcC5B8a next.round=0 next.seq=14 next.proposer=0x98C1334496614aED49d2E81526D089f7264fED9C next.valSet="[0x27A97C9AaF04f18f3014c32e036dD0Ac76Da5f18 0x93917cADBace5dFCE132B991732c6Cda9bcC5B8a 0x98C1334496614aED49d2E81526D089f7264fED9C 0xcE412f988377e31F4d0fF12d74df73B51C42d0cA]" next.size=4 next.IsProposer=false
WARN [10-12|12:49:39.832] Block sealing failed                     err=unauthorized
INFO [10-12|12:49:39.832] QBFT: handle final committed             address=0x401BDFcd9221CD790E7cd66EeCE303eD4D4B53B1 current.round=0 current.sequence=14 state="Accept request"
INFO [10-12|12:49:39.832] QBFT: initialize new round               address=0x401BDFcd9221CD790E7cd66EeCE303eD4D4B53B1 current.round=0 current.sequence=14 target.round=0 lastProposal.number=14 lastProposal.hash="d7f6d2…06524a"
INFO [10-12|12:49:39.832] QBFT: start new round                    address=0x401BDFcd9221CD790E7cd66EeCE303eD4D4B53B1 old.round=0  old.sequence=14 old.state="Accept request" old.proposer=0x98C1334496614aED49d2E81526D089f7264fED9C next.round=0 next.seq=15 next.proposer=0xcE412f988377e31F4d0fF12d74df73B51C42d0cA next.valSet="[0x27A97C9AaF04f18f3014c32e036dD0Ac76Da5f18 0x93917cADBace5dFCE132B991732c6Cda9bcC5B8a 0x98C1334496614aED49d2E81526D089f7264fED9C 0xcE412f988377e31F4d0fF12d74df73B51C42d0cA]" next.size=4 next.IsProposer=false
INFO [10-12|12:49:43.881] Imported new chain segment               blocks=1 txs=0 mgas=0.000 elapsed=1.019ms     mgasps=0.000 number=15 hash="353beb…8608e4" dirty=0.00B
INFO [10-12|12:49:43.882] Commit new mining work                   number=16 sealhash="0bf869…162e70" uncles=0 txs=0 gas=0 fees=0 elapsed="282.755µs"
WARN [10-12|12:49:43.882] Block sealing failed                     err=unauthorized
INFO [10-12|12:49:43.882] QBFT: handle final committed             address=0x401BDFcd9221CD790E7cd66EeCE303eD4D4B53B1 current.round=0 current.sequence=15 state="Accept request"
INFO [10-12|12:49:43.882] QBFT: initialize new round               address=0x401BDFcd9221CD790E7cd66EeCE303eD4D4B53B1 current.round=0 current.sequence=15 target.round=0 lastProposal.number=15 lastProposal.hash="353beb…8608e4"
INFO [10-12|12:49:43.882] QBFT: start new round                    address=0x401BDFcd9221CD790E7cd66EeCE303eD4D4B53B1 old.round=0  old.sequence=15 old.state="Accept request" old.proposer=0xcE412f988377e31F4d0fF12d74df73B51C42d0cA next.round=0 next.seq=16 next.proposer=0x27A97C9AaF04f18f3014c32e036dD0Ac76Da5f18 next.valSet="[0x27A97C9AaF04f18f3014c32e036dD0Ac76Da5f18 0x93917cADBace5dFCE132B991732c6Cda9bcC5B8a 0x98C1334496614aED49d2E81526D089f7264fED9C 0xcE412f988377e31F4d0fF12d74df73B51C42d0cA]" next.size=4 next.IsProposer=false
INFO [10-12|12:49:47.913] Imported new chain segment               blocks=1 txs=0 mgas=0.000 elapsed="920.407µs" mgasps=0.000 number=16 hash="9ce106…257b3c" dirty=0.00B
INFO [10-12|12:49:47.914] Commit new mining work                   number=17 sealhash="037638…fd168e" uncles=0 txs=0 gas=0 fees=0 elapsed="315.848µs"
WARN [10-12|12:49:47.914] Block sealing failed                     err=unauthorized
INFO [10-12|12:49:47.914] QBFT: handle final committed             address=0x401BDFcd9221CD790E7cd66EeCE303eD4D4B53B1 current.round=0 current.sequence=16 state="Accept request"
INFO [10-12|12:49:47.914] QBFT: initialize new round               address=0x401BDFcd9221CD790E7cd66EeCE303eD4D4B53B1 current.round=0 current.sequence=16 target.round=0 lastProposal.number=16 lastProposal.hash="9ce106…257b3c"
INFO [10-12|12:49:47.919] QBFT: start new round                    address=0x401BDFcd9221CD790E7cd66EeCE303eD4D4B53B1 old.round=0  old.sequence=16 old.state="Accept request" old.proposer=0x27A97C9AaF04f18f3014c32e036dD0Ac76Da5f18 next.round=0 next.seq=17 next.proposer=0x93917cADBace5dFCE132B991732c6Cda9bcC5B8a next.valSet="[0x27A97C9AaF04f18f3014c32e036dD0Ac76Da5f18 0x93917cADBace5dFCE132B991732c6Cda9bcC5B8a 0x98C1334496614aED49d2E81526D089f7264fED9C 0xcE412f988377e31F4d0fF12d74df73B51C42d0cA]" next.size=4 next.IsProposer=false
INFO [10-12|12:49:51.970] Imported new chain segment               blocks=1 txs=0 mgas=0.000 elapsed=1.920ms     mgasps=0.000 number=17 hash="59caf0…94dba5" dirty=0.00B
INFO [10-12|12:49:51.975] QBFT: start new round                    address=0x401BDFcd9221CD790E7cd66EeCE303eD4D4B53B1 old.round=0  old.sequence=17 old.state="Accept request" old.proposer=0x93917cADBace5dFCE132B991732c6Cda9bcC5B8a next.round=0 next.seq=18 next.proposer=0x98C1334496614aED49d2E81526D089f7264fED9C next.valSet="[0x27A97C9AaF04f18f3014c32e036dD0Ac76Da5f18 0x93917cADBace5dFCE132B991732c6Cda9bcC5B8a 0x98C1334496614aED49d2E81526D089f7264fED9C 0xcE412f988377e31F4d0fF12d74df73B51C42d0cA]" next.size=4 next.IsProposer=false
INFO [10-12|12:49:51.975] Commit new mining work                   number=18 sealhash="eb2a73…86d981" uncles=0 txs=0 gas=0 fees=0 elapsed="609.91µs"
WARN [10-12|12:49:51.975] Block sealing failed                     err=unauthorized
INFO [10-12|12:50:59.095] Imported new chain segment               blocks=1 txs=0 mgas=0.000 elapsed=1.013ms     mgasps=0.000 number=20 hash="00b112…1d4548" dirty=0.00B
INFO [10-12|12:50:59.096] Commit new mining work                   number=21 sealhash="ed4dbf…a73e70" uncles=0 txs=0 gas=0 fees=0 elapsed="333.045µs"
INFO [10-12|12:50:59.096] QBFT: handle final committed             address=0x401BDFcd9221CD790E7cd66EeCE303eD4D4B53B1 current.round=0 current.sequence=20 state="Accept request"
INFO [10-12|12:50:59.096] QBFT: initialize new round               address=0x401BDFcd9221CD790E7cd66EeCE303eD4D4B53B1 current.round=0 current.sequence=20 target.round=0 lastProposal.number=20 lastProposal.hash="00b112…1d4548"
INFO [10-12|12:50:59.097] QBFT: start new round                    address=0x401BDFcd9221CD790E7cd66EeCE303eD4D4B53B1 old.round=0  old.sequence=20 old.state="Accept request" old.proposer=0x27A97C9AaF04f18f3014c32e036dD0Ac76Da5f18 next.round=0 next.seq=21 next.proposer=0x93917cADBace5dFCE132B991732c6Cda9bcC5B8a next.valSet="[0x27A97C9AaF04f18f3014c32e036dD0Ac76Da5f18 0x93917cADBace5dFCE132B991732c6Cda9bcC5B8a 0x98C1334496614aED49d2E81526D089f7264fED9C 0xcE412f988377e31F4d0fF12d74df73B51C42d0cA]" next.size=4 next.IsProposer=false
WARN [10-12|12:50:59.096] Block sealing failed                     err=unauthorized
INFO [10-12|12:51:58.134] Imported new chain segment               blocks=1 txs=0 mgas=0.000 elapsed="929.227µs" mgasps=0.000 number=21 hash="8a93d0…619e60" dirty=0.00B
INFO [10-12|12:52:57.180] Imported new chain segment               blocks=1 txs=0 mgas=0.000 elapsed="992.306µs" mgasps=0.000 number=22 hash="e2ea46…288e04" dirty=0.00B
INFO [10-12|12:52:57.181] Commit new mining work                   number=23 sealhash="38edac…4a57be" uncles=0 txs=0 gas=0 fees=0 elapsed="314.382µs"
WARN [10-12|12:52:57.181] Block sealing failed                     err=unauthorized
INFO [10-12|12:52:57.182] QBFT: handle final committed             address=0x401BDFcd9221CD790E7cd66EeCE303eD4D4B53B1 current.round=0 current.sequence=22 state="Accept request"
INFO [10-12|12:52:57.182] QBFT: initialize new round               address=0x401BDFcd9221CD790E7cd66EeCE303eD4D4B53B1 current.round=0 current.sequence=22 target.round=0 lastProposal.number=22 lastProposal.hash="e2ea46…288e04"
INFO [10-12|12:52:57.182] QBFT: start new round                    address=0x401BDFcd9221CD790E7cd66EeCE303eD4D4B53B1 old.round=0  old.sequence=22 old.state="Accept request" old.proposer=0x98C1334496614aED49d2E81526D089f7264fED9C next.round=0 next.seq=23 next.proposer=0xcE412f988377e31F4d0fF12d74df73B51C42d0cA next.valSet="[0x27A97C9AaF04f18f3014c32e036dD0Ac76Da5f18 0x93917cADBace5dFCE132B991732c6Cda9bcC5B8a 0x98C1334496614aED49d2E81526D089f7264fED9C 0xcE412f988377e31F4d0fF12d74df73B51C42d0cA]" next.size=4 next.IsProposer=false
INFO [10-12|12:53:56.212] Imported new chain segment               blocks=1 txs=0 mgas=0.000 elapsed="922.406µs" mgasps=0.000 number=23 hash="4ede97…7af458" dirty=0.00B
INFO [10-12|12:53:56.212] Commit new mining work                   number=24 sealhash="ae2501…21f048" uncles=0 txs=0 gas=0 fees=0 elapsed="329.548µs"
WARN [10-12|12:53:56.212] Block sealing failed                     err=unauthorized
INFO [10-12|12:53:56.213] QBFT: handle final committed             address=0x401BDFcd9221CD790E7cd66EeCE303eD4D4B53B1 current.round=0 current.sequence=23 state="Accept request"
INFO [10-12|12:53:56.213] QBFT: initialize new round               address=0x401BDFcd9221CD790E7cd66EeCE303eD4D4B53B1 current.round=0 current.sequence=23 target.round=0 lastProposal.number=23 lastProposal.hash="4ede97…7af458"
INFO [10-12|12:53:56.213] QBFT: start new round                    address=0x401BDFcd9221CD790E7cd66EeCE303eD4D4B53B1 old.round=0  old.sequence=23 old.state="Accept request" old.proposer=0xcE412f988377e31F4d0fF12d74df73B51C42d0cA next.round=0 next.seq=24 next.proposer=0x27A97C9AaF04f18f3014c32e036dD0Ac76Da5f18 next.valSet="[0x27A97C9AaF04f18f3014c32e036dD0Ac76Da5f18 0x93917cADBace5dFCE132B991732c6Cda9bcC5B8a 0x98C1334496614aED49d2E81526D089f7264fED9C 0xcE412f988377e31F4d0fF12d74df73B51C42d0cA]" next.size=4 next.IsProposer=false
INFO [10-12|12:54:55.242] Imported new chain segment               blocks=1 txs=0 mgas=0.000 elapsed="874.656µs" mgasps=0.000 number=24 hash="383d15…526a26" dirty=0.00B
INFO [10-12|12:55:54.290] QBFT: start new round                    address=0x401BDFcd9221CD790E7cd66EeCE303eD4D4B53B1 old.round=0  old.sequence=25 old.state="Accept request" old.proposer=0x93917cADBace5dFCE132B991732c6Cda9bcC5B8a next.round=0 next.seq=26 next.proposer=0x98C1334496614aED49d2E81526D089f7264fED9C next.valSet="[0x27A97C9AaF04f18f3014c32e036dD0Ac76Da5f18 0x93917cADBace5dFCE132B991732c6Cda9bcC5B8a 0x98C1334496614aED49d2E81526D089f7264fED9C 0xcE412f988377e31F4d0fF12d74df73B51C42d0cA]" next.size=4 next.IsProposer=false
INFO [10-12|12:55:54.290] Commit new mining work                   number=26 sealhash="d785ed…faccce" uncles=0 txs=0 gas=0 fees=0 elapsed=5.483ms
INFO [10-12|12:57:52.333] Imported new chain segment               blocks=1 txs=0 mgas=0.000 elapsed=1.060ms     mgasps=0.000 number=27 hash="713c4a…5fe2fc" dirty=0.00B
INFO [10-12|12:57:52.334] QBFT: start new round                    address=0x401BDFcd9221CD790E7cd66EeCE303eD4D4B53B1 old.round=0  old.sequence=27 old.state="Accept request" old.proposer=0xcE412f988377e31F4d0fF12d74df73B51C42d0cA next.round=0 next.seq=28 next.proposer=0x27A97C9AaF04f18f3014c32e036dD0Ac76Da5f18 next.valSet="[0x27A97C9AaF04f18f3014c32e036dD0Ac76Da5f18 0x93917cADBace5dFCE132B991732c6Cda9bcC5B8a 0x98C1334496614aED49d2E81526D089f7264fED9C 0xcE412f988377e31F4d0fF12d74df73B51C42d0cA]" next.size=4 next.IsProposer=false
INFO [10-12|12:58:51.357] Imported new chain segment               blocks=1 txs=0 mgas=0.000 elapsed="936.473µs" mgasps=0.000 number=28 hash="c62a9f…ff9381" dirty=0.00B
INFO [10-12|12:59:50.438] Imported new chain segment               blocks=1 txs=0 mgas=0.000 elapsed=24.763ms    mgasps=0.000 number=29 hash="9d11d2…bc2794" dirty=0.00B
WARN [10-12|12:59:50.441] Block sealing failed                     err=unauthorized
INFO [10-12|12:59:50.447] QBFT: start new round                    address=0x401BDFcd9221CD790E7cd66EeCE303eD4D4B53B1 old.round=0  old.sequence=29 old.state="Accept request" old.proposer=0x93917cADBace5dFCE132B991732c6Cda9bcC5B8a next.round=0 next.seq=30 next.proposer=0x98C1334496614aED49d2E81526D089f7264fED9C next.valSet="[0x27A97C9AaF04f18f3014c32e036dD0Ac76Da5f18 0x93917cADBace5dFCE132B991732c6Cda9bcC5B8a 0x98C1334496614aED49d2E81526D089f7264fED9C 0xcE412f988377e31F4d0fF12d74df73B51C42d0cA]" next.size=4 next.IsProposer=false
INFO [10-12|13:01:48.512] Imported new chain segment               blocks=1 txs=0 mgas=0.000 elapsed=1.219ms     mgasps=0.000 number=31 hash="44ec77…0b1908" dirty=0.00B
INFO [10-12|13:01:48.512] QBFT: handle final committed             address=0x401BDFcd9221CD790E7cd66EeCE303eD4D4B53B1 current.round=0 current.sequence=31 state="Accept request"
INFO [10-12|13:01:48.512] QBFT: initialize new round               address=0x401BDFcd9221CD790E7cd66EeCE303eD4D4B53B1 current.round=0 current.sequence=31 target.round=0 lastProposal.number=31 lastProposal.hash="44ec77…0b1908"
INFO [10-12|13:01:48.513] QBFT: start new round                    address=0x401BDFcd9221CD790E7cd66EeCE303eD4D4B53B1 old.round=0  old.sequence=31 old.state="Accept request" old.proposer=0xcE412f988377e31F4d0fF12d74df73B51C42d0cA next.round=0 next.seq=32 next.proposer=0x27A97C9AaF04f18f3014c32e036dD0Ac76Da5f18 next.valSet="[0x27A97C9AaF04f18f3014c32e036dD0Ac76Da5f18 0x93917cADBace5dFCE132B991732c6Cda9bcC5B8a 0x98C1334496614aED49d2E81526D089f7264fED9C 0xcE412f988377e31F4d0fF12d74df73B51C42d0cA]" next.size=4 next.IsProposer=false
INFO [10-12|13:01:48.513] Commit new mining work                   number=32 sealhash="6aa513…dc0ca2" uncles=0 txs=0 gas=0 fees=0 elapsed="386.705µs"
WARN [10-12|13:01:48.513] Block sealing failed                     err=unauthorized
INFO [10-12|13:02:47.551] Imported new chain segment               blocks=1 txs=0 mgas=0.000 elapsed="916.709µs" mgasps=0.000 number=32 hash="f71900…d60226" dirty=0.00B
INFO [10-12|13:02:47.552] Commit new mining work                   number=33 sealhash="827a80…3c988c" uncles=0 txs=0 gas=0 fees=0 elapsed="286.837µs"
WARN [10-12|13:02:47.552] Block sealing failed                     err=unauthorized
INFO [10-12|13:02:47.552] QBFT: handle final committed             address=0x401BDFcd9221CD790E7cd66EeCE303eD4D4B53B1 current.round=0 current.sequence=32 state="Accept request"
INFO [10-12|13:02:47.552] QBFT: initialize new round               address=0x401BDFcd9221CD790E7cd66EeCE303eD4D4B53B1 current.round=0 current.sequence=32 target.round=0 lastProposal.number=32 lastProposal.hash="f71900…d60226"
INFO [10-12|13:02:47.552] QBFT: start new round                    address=0x401BDFcd9221CD790E7cd66EeCE303eD4D4B53B1 old.round=0  old.sequence=32 old.state="Accept request" old.proposer=0x27A97C9AaF04f18f3014c32e036dD0Ac76Da5f18 next.round=0 next.seq=33 next.proposer=0x93917cADBace5dFCE132B991732c6Cda9bcC5B8a next.valSet="[0x27A97C9AaF04f18f3014c32e036dD0Ac76Da5f18 0x93917cADBace5dFCE132B991732c6Cda9bcC5B8a 0x98C1334496614aED49d2E81526D089f7264fED9C 0xcE412f988377e31F4d0fF12d74df73B51C42d0cA]" next.size=4 next.IsProposer=false
INFO [10-12|13:03:06.426] Got interrupt, shutting down... 
INFO [10-12|13:03:06.428] HTTP server stopped                      endpoint=[::]:8545
INFO [10-12|13:03:06.428] HTTP server stopped                      endpoint=[::]:8546
INFO [10-12|13:03:06.428] IPC endpoint closed                      url=/data/geth.ipc
INFO [10-12|13:03:06.429] Stopping all plugins                     count=0
INFO [10-12|13:03:06.429] All plugins stopped                      errors=[]
INFO [10-12|13:03:06.431] extension service: stopping 
INFO [10-12|13:03:06.431] extension service: stopped 
INFO [10-12|13:03:06.472] Ethereum protocol stopped 
INFO [10-12|13:03:06.472] Transaction pool stopped 
INFO [10-12|13:03:06.472] BFT: deactivate 
INFO [10-12|13:03:06.472] QBFT: stopping...                        address=0x401BDFcd9221CD790E7cd66EeCE303eD4D4B53B1
INFO [10-12|13:03:06.472] QBFT: stopped                            address=0x401BDFcd9221CD790E7cd66EeCE303eD4D4B53B1
INFO [10-12|13:03:06.473] Writing cached state to disk             block=32 hash="f71900…d60226" root="d7d9af…f2e575"
INFO [10-12|13:03:06.473] Persisted trie from memory database      nodes=0 size=0.00B time="5.651µs" gcnodes=0 gcsize=0.00B gctime=0s livenodes=1 livesize=0.00B
INFO [10-12|13:03:06.473] Writing cached state to disk             block=31 hash="44ec77…0b1908" root="d7d9af…f2e575"
INFO [10-12|13:03:06.473] Persisted trie from memory database      nodes=0 size=0.00B time="3.543µs" gcnodes=0 gcsize=0.00B gctime=0s livenodes=1 livesize=0.00B
INFO [10-12|13:03:06.473] Writing snapshot state to disk           root="d7d9af…f2e575"
INFO [10-12|13:03:06.473] Persisted trie from memory database      nodes=0 size=0.00B time="2.743µs" gcnodes=0 gcsize=0.00B gctime=0s livenodes=1 livesize=0.00B
INFO [10-12|13:03:06.473] Writing clean trie cache to disk         path=/data/geth/triecache threads=4
INFO [10-12|13:03:06.475] Persisted the clean trie cache           path=/data/geth/triecache elapsed=2.223ms
INFO [10-12|13:03:06.475] Blockchain stopped 
