INFO [10-13|06:13:22.307] Opened ancient database                  database=/data/geth/chaindata/ancient readonly=false
INFO [10-13|06:13:22.312] Initialised chain configuration          config="{ChainID: 1337 Homestead: 0 DAO: <nil> DAOSupport: false EIP150: 0 EIP155: 0 EIP158: 0 Byzantium: 0 IsQuorum: true Constantinople: 0 TransactionSizeLimit: 64 MaxCodeSize: 0 Petersburg: 0 Istanbul: 0, Muir Glacier: <nil>, Berlin: <nil> YOLO v3: <nil> PrivacyEnhancements: <nil> PrivacyPrecompile: <nil> EnableGasPriceBlock: <nil> Engine: unknown}"
INFO [10-13|06:13:23.581] Compacted snapshot area in database      elapsed=1.239s
INFO [10-13|06:13:23.582] Resuming state snapshot generation       root="d7d9af…f2e575" accounts=0 slots=0 storage=0.00B elapsed="19.495µs"
INFO [10-13|06:13:23.596] Generated state snapshot                 accounts=11 slots=0 storage=544.00B elapsed=14.902ms
INFO [10-13|06:13:47.579] Unlocked account                         address=0xb30f304642dE3feE4365ed5cD06ea2E69d3FD0cA
INFO [10-13|06:13:47.816] Looking for peers                        peercount=2 tried=7 static=8
INFO [10-13|06:13:47.825] QBFT: handle PREPARE message             address=0x27A97C9AaF04f18f3014c32e036dD0Ac76Da5f18 current.round=0 current.sequence=1 state=Preprepared      msg.code=19 msg.source=0x98C1334496614aED49d2E81526D089f7264fED9C msg.round=0 msg.sequence=1 prepares.count=1 quorum=3
INFO [10-13|06:13:57.772] QBFT: handle ROUND-CHANGE message        address=0x27A97C9AaF04f18f3014c32e036dD0Ac76Da5f18 current.round=1 current.sequence=1 state="Accept request" msg.code=21 msg.source=0x98C1334496614aED49d2E81526D089f7264fED9C msg.round=1 msg.sequence=1 higherRoundChanges.count=0 currentRoundChanges.count=1
INFO [10-13|06:13:57.790] QBFT: handle ROUND-CHANGE message        address=0x27A97C9AaF04f18f3014c32e036dD0Ac76Da5f18 current.round=1 current.sequence=1 state="Accept request" msg.code=21 msg.source=0xcE412f988377e31F4d0fF12d74df73B51C42d0cA msg.round=1 msg.sequence=1 higherRoundChanges.count=0 currentRoundChanges.count=3
INFO [10-13|06:13:57.847] QBFT: changed state                      address=0x27A97C9AaF04f18f3014c32e036dD0Ac76Da5f18 current.round=1 current.sequence=1 old.state="Accept request" new.state=Preprepared
INFO [10-13|06:13:57.861] Looking for peers                        peercount=1 tried=0 static=8
WARN [10-13|06:13:57.926] full p2p peer                            id=2a2fe7f9e880372cfd2bda0cce412f988377e31f4d0ff12d74df73b51c42d0ca ethPeer="Peer 2a2fe7f9e880372c 172.16.239.13:30303"
INFO [10-13|06:13:58.032] QBFT: handle PREPARE message             address=0x27A97C9AaF04f18f3014c32e036dD0Ac76Da5f18 current.round=1 current.sequence=1 state=Preprepared      msg.code=19 msg.source=0xcE412f988377e31F4d0fF12d74df73B51C42d0cA msg.round=1 msg.sequence=1 prepares.count=2 quorum=3
INFO [10-13|06:13:58.232] QBFT: received quorum of PREPARE messages address=0x27A97C9AaF04f18f3014c32e036dD0Ac76Da5f18 current.round=1 current.sequence=1 state=Preprepared      msg.code=19 msg.source=0xcE412f988377e31F4d0fF12d74df73B51C42d0cA msg.round=1 msg.sequence=1 prepares.count=3 quorum=3
INFO [10-13|06:13:58.448] QBFT: handle final committed             address=0x27A97C9AaF04f18f3014c32e036dD0Ac76Da5f18 current.round=1 current.sequence=1 state=Committed
INFO [10-13|06:13:58.485] QBFT: initialize new round               address=0x27A97C9AaF04f18f3014c32e036dD0Ac76Da5f18 current.round=1 current.sequence=1 target.round=0 lastProposal.number=1 lastProposal.hash="749ae6…7c2116"
INFO [10-13|06:13:58.517] Commit new mining work                   number=2 sealhash="3c7cce…56337f" uncles=0 txs=0 gas=0 fees=0 elapsed=80.657ms
INFO [10-13|06:13:58.549] QBFT: changed state                      address=0x27A97C9AaF04f18f3014c32e036dD0Ac76Da5f18 current.round=0 current.sequence=2 old.state=Committed        new.state="Accept request"
INFO [10-13|06:13:58.549] QBFT: start new round                    address=0x27A97C9AaF04f18f3014c32e036dD0Ac76Da5f18 old.round=1  old.sequence=1 old.state=Committed        old.proposer=0x93917cADBace5dFCE132B991732c6Cda9bcC5B8a next.round=0 next.seq=2 next.proposer=0x98C1334496614aED49d2E81526D089f7264fED9C next.valSet="[0x27A97C9AaF04f18f3014c32e036dD0Ac76Da5f18 0x93917cADBace5dFCE132B991732c6Cda9bcC5B8a 0x98C1334496614aED49d2E81526D089f7264fED9C 0xcE412f988377e31F4d0fF12d74df73B51C42d0cA]" next.size=4 next.IsProposer=false
INFO [10-13|06:13:58.579] QBFT: handle block proposal request      address=0x27A97C9AaF04f18f3014c32e036dD0Ac76Da5f18 current.round=0 current.sequence=2 state="Accept request"
INFO [10-13|06:13:58.618] QBFT: handle PRE-PREPARE message         address=0x27A97C9AaF04f18f3014c32e036dD0Ac76Da5f18
INFO [10-13|06:14:03.000] QBFT: handle block proposal request      address=0x27A97C9AaF04f18f3014c32e036dD0Ac76Da5f18 current.round=0 current.sequence=3 state="Accept request"
INFO [10-13|06:14:03.006] QBFT: handle PRE-PREPARE message         address=0x27A97C9AaF04f18f3014c32e036dD0Ac76Da5f18
INFO [10-13|06:14:03.007] QBFT: accepted PRE-PREPARE message       address=0x27A97C9AaF04f18f3014c32e036dD0Ac76Da5f18
INFO [10-13|06:14:03.007] QBFT: changed state                      address=0x27A97C9AaF04f18f3014c32e036dD0Ac76Da5f18 current.round=0 current.sequence=3 old.state="Accept request" new.state=Preprepared
INFO [10-13|06:14:03.007] QBFT: broadcast PREPARE message          address=0x27A97C9AaF04f18f3014c32e036dD0Ac76Da5f18 current.round=0 current.sequence=3 state=Preprepared      msg.code=19 msg.source=0x27A97C9AaF04f18f3014c32e036dD0Ac76Da5f18 msg.round=0 msg.sequence=3 payload=0xf867e30380a0275fd8ad6703664ca58c1bfd477098e6f2c0d8e9f1103cc0910f4e31354f57a1b8413f372bb21bde1fedeee6d24213b341b488b8ed6b3f46f5407fae562dda26214b7252df26363a8ab2e7ad9617f6caa4e3230c55742ed113cd185ca00d109f57e700
INFO [10-13|06:14:03.021] QBFT: handle PREPARE message             address=0x27A97C9AaF04f18f3014c32e036dD0Ac76Da5f18 current.round=0 current.sequence=3 state=Preprepared      msg.code=19 msg.source=0x98C1334496614aED49d2E81526D089f7264fED9C msg.round=0 msg.sequence=3 prepares.count=0 quorum=3
INFO [10-13|06:14:03.107] QBFT: broadcast COMMIT message           address=0x27A97C9AaF04f18f3014c32e036dD0Ac76Da5f18 current.round=0 current.sequence=3 state=Prepared         msg.code=20 msg.source=0x27A97C9AaF04f18f3014c32e036dD0Ac76Da5f18 msg.round=0 msg.sequence=3 payload=0xf8abf8660380a0275fd8ad6703664ca58c1bfd477098e6f2c0d8e9f1103cc0910f4e31354f57a1b8411e2ad20cff4f9a65b8ae9048a89eb57dcdd95b9cb0b654f73c458a5806f7cdf44eac9092dbc166406c53e42db572155c73a114897a42c4f084069bfd883eebc700b84186355b3b5509df9548006441c8f04f1c594e90d1df49aa59266a325fea5673e7394040d0d59e98dbc5aa701fcdb40fbdc7b45837ed209d127948188303b41fc300
INFO [10-13|06:14:08.020] Successfully sealed new block            number=4 sealhash="3ff1b6…6340cb" hash="3ff1b6…6340cb" elapsed=4.746s
INFO [10-13|06:14:08.021] Commit new mining work                   number=5 sealhash="283959…b5c403" uncles=0 txs=0 gas=0 fees=0 elapsed="277.934µs"
INFO [10-13|06:14:08.022] QBFT: handle final committed             address=0x27A97C9AaF04f18f3014c32e036dD0Ac76Da5f18 current.round=0 current.sequence=4 state=Committed
INFO [10-13|06:14:08.024] QBFT: changed state                      address=0x27A97C9AaF04f18f3014c32e036dD0Ac76Da5f18 current.round=0 current.sequence=5 old.state=Committed        new.state="Accept request"
INFO [10-13|06:14:08.024] QBFT: start new round                    address=0x27A97C9AaF04f18f3014c32e036dD0Ac76Da5f18 old.round=0  old.sequence=4 old.state=Committed        old.proposer=0x27A97C9AaF04f18f3014c32e036dD0Ac76Da5f18 next.round=0 next.seq=5 next.proposer=0x93917cADBace5dFCE132B991732c6Cda9bcC5B8a next.valSet="[0x27A97C9AaF04f18f3014c32e036dD0Ac76Da5f18 0x93917cADBace5dFCE132B991732c6Cda9bcC5B8a 0x98C1334496614aED49d2E81526D089f7264fED9C 0xcE412f988377e31F4d0fF12d74df73B51C42d0cA]" next.size=4 next.IsProposer=false
INFO [10-13|06:14:13.026] Imported new chain segment               blocks=1 txs=0 mgas=0.000 elapsed="642.557µs" mgasps=0.000 number=5 hash="8f68be…252750" dirty=0.00B
INFO [10-13|06:14:23.001] QBFT: handle block proposal request      address=0x27A97C9AaF04f18f3014c32e036dD0Ac76Da5f18 current.round=0 current.sequence=7 state="Accept request"
INFO [10-13|06:14:23.012] QBFT: changed state                      address=0x27A97C9AaF04f18f3014c32e036dD0Ac76Da5f18 current.round=0 current.sequence=7 old.state="Accept request" new.state=Preprepared
INFO [10-13|06:14:23.013] QBFT: handle PREPARE message             address=0x27A97C9AaF04f18f3014c32e036dD0Ac76Da5f18 current.round=0 current.sequence=7 state=Preprepared      msg.code=19 msg.source=0xcE412f988377e31F4d0fF12d74df73B51C42d0cA msg.round=0 msg.sequence=7 prepares.count=0 quorum=3
INFO [10-13|06:14:23.014] QBFT: handle PREPARE message             address=0x27A97C9AaF04f18f3014c32e036dD0Ac76Da5f18 current.round=0 current.sequence=7 state=Preprepared      msg.code=19 msg.source=0x93917cADBace5dFCE132B991732c6Cda9bcC5B8a msg.round=0 msg.sequence=7 prepares.count=1 quorum=3
INFO [10-13|06:14:23.042] QBFT: handle COMMIT message              address=0x27A97C9AaF04f18f3014c32e036dD0Ac76Da5f18 current.round=0 current.sequence=7 state=Prepared         msg.code=20 msg.source=0xcE412f988377e31F4d0fF12d74df73B51C42d0cA msg.round=0 msg.sequence=7 commits.count=1 quorum=3
INFO [10-13|06:14:23.050] QBFT: handle COMMIT message              address=0x27A97C9AaF04f18f3014c32e036dD0Ac76Da5f18 current.round=0 current.sequence=7 state=Prepared         msg.code=20 msg.source=0x93917cADBace5dFCE132B991732c6Cda9bcC5B8a msg.round=0 msg.sequence=7 commits.count=2 quorum=3
INFO [10-13|06:14:23.060] QBFT: changed state                      address=0x27A97C9AaF04f18f3014c32e036dD0Ac76Da5f18 current.round=0 current.sequence=7 old.state=Prepared         new.state=Committed
INFO [10-13|06:14:28.352] QBFT: handle final committed             address=0x27A97C9AaF04f18f3014c32e036dD0Ac76Da5f18 current.round=0 current.sequence=8 state=Committed
INFO [10-13|06:14:28.394] QBFT: changed state                      address=0x27A97C9AaF04f18f3014c32e036dD0Ac76Da5f18 current.round=0 current.sequence=9 old.state=Committed        new.state="Accept request"
INFO [10-13|06:14:28.424] QBFT: start new round                    address=0x27A97C9AaF04f18f3014c32e036dD0Ac76Da5f18 old.round=0  old.sequence=8 old.state=Committed        old.proposer=0x27A97C9AaF04f18f3014c32e036dD0Ac76Da5f18 next.round=0 next.seq=9 next.proposer=0x93917cADBace5dFCE132B991732c6Cda9bcC5B8a next.valSet="[0x27A97C9AaF04f18f3014c32e036dD0Ac76Da5f18 0x93917cADBace5dFCE132B991732c6Cda9bcC5B8a 0x98C1334496614aED49d2E81526D089f7264fED9C 0xcE412f988377e31F4d0fF12d74df73B51C42d0cA]" next.size=4 next.IsProposer=false
INFO [10-13|06:14:33.034] QBFT: handle PREPARE message             address=0x27A97C9AaF04f18f3014c32e036dD0Ac76Da5f18 current.round=0 current.sequence=9 state=Preprepared      msg.code=19 msg.source=0x98C1334496614aED49d2E81526D089f7264fED9C msg.round=0 msg.sequence=9 prepares.count=2 quorum=3
INFO [10-13|06:14:33.034] QBFT: changed state                      address=0x27A97C9AaF04f18f3014c32e036dD0Ac76Da5f18 current.round=0 current.sequence=9 old.state=Preprepared      new.state=Prepared
INFO [10-13|06:14:33.035] QBFT: broadcast COMMIT message           address=0x27A97C9AaF04f18f3014c32e036dD0Ac76Da5f18 current.round=0 current.sequence=9 state=Prepared         msg.code=20 msg.source=0x27A97C9AaF04f18f3014c32e036dD0Ac76Da5f18 msg.round=0 msg.sequence=9 payload=0xf8abf8660980a07948205e9680b34b248370e48790928db90e292e68c86753ca634ad4a5a45933b8410af125bbb3660dfb10f468ee6effdd57107084ad3d3bd7ce68b0a9177c7bd9f12df46d3c04a1c9f57ca95459a82a436283e86763e927a0fdeeea30ac3a9e7dcf01b84187be52ace3371a206c44eed5f009c0968ea6236c12c3d0cbf5f704457d7e65b42f24c64ff9a79a5ce30f35f9f81c1d4d9717b0481fe311bf4f5ce1f4332d047a00
INFO [10-13|06:14:33.049] QBFT: handle COMMIT message              address=0x27A97C9AaF04f18f3014c32e036dD0Ac76Da5f18 current.round=0 current.sequence=9 state=Prepared         msg.code=20 msg.source=0x27A97C9AaF04f18f3014c32e036dD0Ac76Da5f18 msg.round=0 msg.sequence=9 commits.count=0 quorum=3
INFO [10-13|06:14:33.087] QBFT: changed state                      address=0x27A97C9AaF04f18f3014c32e036dD0Ac76Da5f18 current.round=0 current.sequence=9 old.state=Prepared         new.state=Committed
INFO [10-13|06:14:34.000] QBFT: handle block proposal request      address=0x27A97C9AaF04f18f3014c32e036dD0Ac76Da5f18 current.round=0 current.sequence=10 state="Accept request"
